<?xml version="1.0" encoding="UTF-8"?>
<!-- Generated by org.testng.reporters.JUnitXMLReporter -->
<testsuite hostname="DESKTOP-N8UCBGL" name="NonLogin(failed)" tests="11" failures="0" timestamp="19 Apr 2017 09:33:52 GMT" time="98367.782" errors="0">
  <testcase name="@BeforeMethod refresh" time="0.0" classname="swiftpass.testcase.runners.MerchantTestCaseRunner">
    <failure type="java.lang.StackOverflowError">
      <![CDATA[java.lang.StackOverflowError
	at java.security.AccessController.doPrivileged(Native Method)
	at java.net.URLClassLoader.findClass(URLClassLoader.java:361)
	at java.lang.ClassLoader.loadClass(ClassLoader.java:424)
	at java.lang.ClassLoader.loadClass(ClassLoader.java:411)
	at sun.misc.Launcher$AppClassLoader.loadClass(Launcher.java:331)
	at java.lang.ClassLoader.loadClass(ClassLoader.java:357)
	at org.openqa.selenium.remote.service.DriverCommandExecutor.execute(DriverCommandExecutor.java:84)
	at org.openqa.selenium.remote.RemoteWebDriver.execute(RemoteWebDriver.java:597)
	at org.openqa.selenium.remote.RemoteWebDriver.findElement(RemoteWebDriver.java:369)
	at org.openqa.selenium.remote.RemoteWebDriver.findElementByXPath(RemoteWebDriver.java:474)
	at org.openqa.selenium.By$ByXPath.findElement(By.java:361)
	at org.openqa.selenium.remote.RemoteWebDriver.findElement(RemoteWebDriver.java:361)
	at org.openqa.selenium.support.pagefactory.DefaultElementLocator.findElement(DefaultElementLocator.java:69)
	at org.openqa.selenium.support.pagefactory.internal.LocatingElementHandler.invoke(LocatingElementHandler.java:38)
	at com.sun.proxy.$Proxy28.toString(Unknown Source)
	at java.lang.String.valueOf(String.java:2994)
	at java.lang.StringBuilder.append(StringBuilder.java:131)
	at org.openqa.selenium.support.ui.ExpectedConditions$23.toString(ExpectedConditions.java:697)
	at java.lang.String.valueOf(String.java:2994)
	at java.lang.StringBuilder.append(StringBuilder.java:131)
	at org.openqa.selenium.support.ui.FluentWait.until(FluentWait.java:256)
	at swiftpass.page.Page.clickElement(Page.java:120)
	at swiftpass.page.Page.clickElement(Page.java:123)
	at swiftpass.page.Page.clickElement(Page.java:123)
	at swiftpass.page.Page.clickElement(Page.java:123)
	at swiftpass.page.Page.clickElement(Page.java:123)
	at swiftpass.page.Page.clickElement(Page.java:123)
	at swiftpass.page.Page.clickElement(Page.java:123)
	at swiftpass.page.Page.clickElement(Page.java:123)
	at swiftpass.page.Page.clickElement(Page.java:123)
	at swiftpass.page.Page.clickElement(Page.java:123)
	at swiftpass.page.Page.clickElement(Page.java:123)
	at swiftpass.page.Page.clickElement(Page.java:123)
	at swiftpass.page.Page.clickElement(Page.java:123)
	at swiftpass.page.Page.clickElement(Page.java:123)
	at swiftpass.page.Page.clickElement(Page.java:123)
	at swiftpass.page.Page.clickElement(Page.java:123)
	at swiftpass.page.Page.clickElement(Page.java:123)
	at swiftpass.page.Page.clickElement(Page.java:123)
	at swiftpass.page.Page.clickElement(Page.java:123)
	at swiftpass.page.Page.clickElement(Page.java:123)
	at swiftpass.page.Page.clickElement(Page.java:123)
	at swiftpass.page.Page.clickElement(Page.java:123)
	at swiftpass.page.Page.clickElement(Page.java:123)
	at swiftpass.page.Page.clickElement(Page.java:123)
	at swiftpass.page.Page.clickElement(Page.java:123)
	at swiftpass.page.Page.clickElement(Page.java:123)
	at swiftpass.page.Page.clickElement(Page.java:123)
	at swiftpass.page.Page.clickElement(Page.java:123)
	at swiftpass.page.Page.clickElement(Page.java:123)
	at swiftpass.page.Page.clickElement(Page.java:123)
	at swiftpass.page.Page.clickElement(Page.java:123)
	at swiftpass.page.Page.clickElement(Page.java:123)
	at swiftpass.page.Page.clickElement(Page.java:123)
	at swiftpass.page.Page.clickElement(Page.java:123)
	at swiftpass.page.Page.clickElement(Page.java:123)
	at swiftpass.page.Page.clickElement(Page.java:123)
	at swiftpass.page.Page.clickElement(Page.java:123)
	at swiftpass.page.Page.clickElement(Page.java:123)
	at swiftpass.page.Page.clickElement(Page.java:123)
	at swiftpass.page.Page.clickElement(Page.java:123)
	at swiftpass.page.Page.clickElement(Page.java:123)
	at swiftpass.page.Page.clickElement(Page.java:123)
	at swiftpass.page.Page.clickElement(Page.java:123)
	at swiftpass.page.Page.clickElement(Page.java:123)
	at swiftpass.page.Page.clickElement(Page.java:123)
	at swiftpass.page.Page.clickElement(Page.java:123)
	at swiftpass.page.Page.clickElement(Page.java:123)
	at swiftpass.page.Page.clickElement(Page.java:123)
	at swiftpass.page.Page.clickElement(Page.java:123)
	at swiftpass.page.Page.clickElement(Page.java:123)
	at swiftpass.page.Page.clickElement(Page.java:123)
	at swiftpass.page.Page.clickElement(Page.java:123)
	at swiftpass.page.Page.clickElement(Page.java:123)
	at swiftpass.page.Page.clickElement(Page.java:123)
	at swiftpass.page.Page.clickElement(Page.java:123)
	at swiftpass.page.Page.clickElement(Page.java:123)
	at swiftpass.page.Page.clickElement(Page.java:123)
	at swiftpass.page.Page.clickElement(Page.java:123)
	at swiftpass.page.Page.clickElement(Page.java:123)
	at swiftpass.page.Page.clickElement(Page.java:123)
	at swiftpass.page.Page.clickElement(Page.java:123)
	at swiftpass.page.Page.clickElement(Page.java:123)
	at swiftpass.page.Page.clickElement(Page.java:123)
	at swiftpass.page.Page.clickElement(Page.java:123)
	at swiftpass.page.Page.clickElement(Page.java:123)
	at swiftpass.page.Page.clickElement(Page.java:123)
	at swiftpass.page.Page.clickElement(Page.java:123)
	at swiftpass.page.Page.clickElement(Page.java:123)
	at swiftpass.page.Page.clickElement(Page.java:123)
	at swiftpass.page.Page.clickElement(Page.java:123)
	at swiftpass.page.Page.clickElement(Page.java:123)
	at swiftpass.page.Page.clickElement(Page.java:123)
	at swiftpass.page.Page.clickElement(Page.java:123)
	at swiftpass.page.Page.clickElement(Page.java:123)
	at swiftpass.page.Page.clickElement(Page.java:123)
	at swiftpass.page.Page.clickElement(Page.java:123)
	at swiftpass.page.Page.clickElement(Page.java:123)
	at swiftpass.page.Page.clickElement(Page.java:123)
	at swiftpass.page.Page.clickElement(Page.java:123)
	at swiftpass.page.Page.clickElement(Page.java:123)
	at swiftpass.page.Page.clickElement(Page.java:123)
	at swiftpass.page.Page.clickElement(Page.java:123)
	at swiftpass.page.Page.clickElement(Page.java:123)
	at swiftpass.page.Page.clickElement(Page.java:123)
	at swiftpass.page.Page.clickElement(Page.java:123)
	at swiftpass.page.Page.clickElement(Page.java:123)
	at swiftpass.page.Page.clickElement(Page.java:123)
	at swiftpass.page.Page.clickElement(Page.java:123)
	at swiftpass.page.Page.clickElement(Page.java:123)
	at swiftpass.page.Page.clickElement(Page.java:123)
	at swiftpass.page.Page.clickElement(Page.java:123)
	at swiftpass.page.Page.clickElement(Page.java:123)
	at swiftpass.page.Page.clickElement(Page.java:123)
	at swiftpass.page.Page.clickElement(Page.java:123)
	at swiftpass.page.Page.clickElement(Page.java:123)
	at swiftpass.page.Page.clickElement(Page.java:123)
	at swiftpass.page.Page.clickElement(Page.java:123)
	at swiftpass.page.Page.clickElement(Page.java:123)
	at swiftpass.page.Page.clickElement(Page.java:123)
	at swiftpass.page.Page.clickElement(Page.java:123)
	at swiftpass.page.Page.clickElement(Page.java:123)
	at swiftpass.page.Page.clickElement(Page.java:123)
	at swiftpass.page.Page.clickElement(Page.java:123)
	at swiftpass.page.Page.clickElement(Page.java:123)
	at swiftpass.page.Page.clickElement(Page.java:123)
	at swiftpass.page.Page.clickElement(Page.java:123)
	at swiftpass.page.Page.clickElement(Page.java:123)
	at swiftpass.page.Page.clickElement(Page.java:123)
	at swiftpass.page.Page.clickElement(Page.java:123)
	at swiftpass.page.Page.clickElement(Page.java:123)
	at swiftpass.page.Page.clickElement(Page.java:123)
	at swiftpass.page.Page.clickElement(Page.java:123)
	at swiftpass.page.Page.clickElement(Page.java:123)
	at swiftpass.page.Page.clickElement(Page.java:123)
	at swiftpass.page.Page.clickElement(Page.java:123)
	at swiftpass.page.Page.clickElement(Page.java:123)
	at swiftpass.page.Page.clickElement(Page.java:123)
	at swiftpass.page.Page.clickElement(Page.java:123)
	at swiftpass.page.Page.clickElement(Page.java:123)
	at swiftpass.page.Page.clickElement(Page.java:123)
	at swiftpass.page.Page.clickElement(Page.java:123)
	at swiftpass.page.Page.clickElement(Page.java:123)
	at swiftpass.page.Page.clickElement(Page.java:123)
	at swiftpass.page.Page.clickElement(Page.java:123)
	at swiftpass.page.Page.clickElement(Page.java:123)
	at swiftpass.page.Page.clickElement(Page.java:123)
	at swiftpass.page.Page.clickElement(Page.java:123)
	at swiftpass.page.Page.clickElement(Page.java:123)
	at swiftpass.page.Page.clickElement(Page.java:123)
	at swiftpass.page.Page.clickElement(Page.java:123)
	at swiftpass.page.Page.clickElement(Page.java:123)
	at swiftpass.page.Page.clickElement(Page.java:123)
	at swiftpass.page.Page.clickElement(Page.java:123)
	at swiftpass.page.Page.clickElement(Page.java:123)
	at swiftpass.page.Page.clickElement(Page.java:123)
	at swiftpass.page.Page.clickElement(Page.java:123)
	at swiftpass.page.Page.clickElement(Page.java:123)
	at swiftpass.page.Page.clickElement(Page.java:123)
	at swiftpass.page.Page.clickElement(Page.java:123)
	at swiftpass.page.Page.clickElement(Page.java:123)
	at swiftpass.page.Page.clickElement(Page.java:123)
	at swiftpass.page.Page.clickElement(Page.java:123)
	at swiftpass.page.Page.clickElement(Page.java:123)
	at swiftpass.page.Page.clickElement(Page.java:123)
	at swiftpass.page.Page.clickElement(Page.java:123)
	at swiftpass.page.Page.clickElement(Page.java:123)
	at swiftpass.page.Page.clickElement(Page.java:123)
	at swiftpass.page.Page.clickElement(Page.java:123)
	at swiftpass.page.Page.clickElement(Page.java:123)
	at swiftpass.page.Page.clickElement(Page.java:123)
	at swiftpass.page.Page.clickElement(Page.java:123)
	at swiftpass.page.Page.clickElement(Page.java:123)
	at swiftpass.page.Page.clickElement(Page.java:123)
	at swiftpass.page.Page.clickElement(Page.java:123)
	at swiftpass.page.Page.clickElement(Page.java:123)
	at swiftpass.page.Page.clickElement(Page.java:123)
	at swiftpass.page.Page.clickElement(Page.java:123)
	at swiftpass.page.Page.clickElement(Page.java:123)
	at swiftpass.page.Page.clickElement(Page.java:123)
	at swiftpass.page.Page.clickElement(Page.java:123)
	at swiftpass.page.Page.clickElement(Page.java:123)
	at swiftpass.page.Page.clickElement(Page.java:123)
	at swiftpass.page.Page.clickElement(Page.java:123)
	at swiftpass.page.Page.clickElement(Page.java:123)
	at swiftpass.page.Page.clickElement(Page.java:123)
	at swiftpass.page.Page.clickElement(Page.java:123)
	at swiftpass.page.Page.clickElement(Page.java:123)
	at swiftpass.page.Page.clickElement(Page.java:123)
	at swiftpass.page.Page.clickElement(Page.java:123)
	at swiftpass.page.Page.clickElement(Page.java:123)
	at swiftpass.page.Page.clickElement(Page.java:123)
	at swiftpass.page.Page.clickElement(Page.java:123)
	at swiftpass.page.Page.clickElement(Page.java:123)
	at swiftpass.page.Page.clickElement(Page.java:123)
	at swiftpass.page.Page.clickElement(Page.java:123)
	at swiftpass.page.Page.clickElement(Page.java:123)
	at swiftpass.page.Page.clickElement(Page.java:123)
	at swiftpass.page.Page.clickElement(Page.java:123)
	at swiftpass.page.Page.clickElement(Page.java:123)
	at swiftpass.page.Page.clickElement(Page.java:123)
	at swiftpass.page.Page.clickElement(Page.java:123)
	at swiftpass.page.Page.clickElement(Page.java:123)
	at swiftpass.page.Page.clickElement(Page.java:123)
	at swiftpass.page.Page.clickElement(Page.java:123)
	at swiftpass.page.Page.clickElement(Page.java:123)
	at swiftpass.page.Page.clickElement(Page.java:123)
	at swiftpass.page.Page.clickElement(Page.java:123)
	at swiftpass.page.Page.clickElement(Page.java:123)
	at swiftpass.page.Page.clickElement(Page.java:123)
	at swiftpass.page.Page.clickElement(Page.java:123)
	at swiftpass.page.Page.clickElement(Page.java:123)
	at swiftpass.page.Page.clickElement(Page.java:123)
	at swiftpass.page.Page.clickElement(Page.java:123)
	at swiftpass.page.Page.clickElement(Page.java:123)
	at swiftpass.page.Page.clickElement(Page.java:123)
	at swiftpass.page.Page.clickElement(Page.java:123)
	at swiftpass.page.Page.clickElement(Page.java:123)
	at swiftpass.page.Page.clickElement(Page.java:123)
	at swiftpass.page.Page.clickElement(Page.java:123)
	at swiftpass.page.Page.clickElement(Page.java:123)
	at swiftpass.page.Page.clickElement(Page.java:123)
	at swiftpass.page.Page.clickElement(Page.java:123)
	at swiftpass.page.Page.clickElement(Page.java:123)
	at swiftpass.page.Page.clickElement(Page.java:123)
	at swiftpass.page.Page.clickElement(Page.java:123)
	at swiftpass.page.Page.clickElement(Page.java:123)
	at swiftpass.page.Page.clickElement(Page.java:123)
	at swiftpass.page.Page.clickElement(Page.java:123)
	at swiftpass.page.Page.clickElement(Page.java:123)
	at swiftpass.page.Page.clickElement(Page.java:123)
	at swiftpass.page.Page.clickElement(Page.java:123)
	at swiftpass.page.Page.clickElement(Page.java:123)
	at swiftpass.page.Page.clickElement(Page.java:123)
	at swiftpass.page.Page.clickElement(Page.java:123)
	at swiftpass.page.Page.clickElement(Page.java:123)
	at swiftpass.page.Page.clickElement(Page.java:123)
	at swiftpass.page.Page.clickElement(Page.java:123)
	at swiftpass.page.Page.clickElement(Page.java:123)
	at swiftpass.page.Page.clickElement(Page.java:123)
	at swiftpass.page.Page.clickElement(Page.java:123)
	at swiftpass.page.Page.clickElement(Page.java:123)
	at swiftpass.page.Page.clickElement(Page.java:123)
	at swiftpass.page.Page.clickElement(Page.java:123)
	at swiftpass.page.Page.clickElement(Page.java:123)
	at swiftpass.page.Page.clickElement(Page.java:123)
	at swiftpass.page.Page.clickElement(Page.java:123)
	at swiftpass.page.Page.clickElement(Page.java:123)
	at swiftpass.page.Page.clickElement(Page.java:123)
	at swiftpass.page.Page.clickElement(Page.java:123)
	at swiftpass.page.Page.clickElement(Page.java:123)
	at swiftpass.page.Page.clickElement(Page.java:123)
	at swiftpass.page.Page.clickElement(Page.java:123)
	at swiftpass.page.Page.clickElement(Page.java:123)
	at swiftpass.page.Page.clickElement(Page.java:123)
	at swiftpass.page.Page.clickElement(Page.java:123)
	at swiftpass.page.Page.clickElement(Page.java:123)
	at swiftpass.page.Page.clickElement(Page.java:123)
	at swiftpass.page.Page.clickElement(Page.java:123)
	at swiftpass.page.Page.clickElement(Page.java:123)
	at swiftpass.page.Page.clickElement(Page.java:123)
	at swiftpass.page.Page.clickElement(Page.java:123)
	at swiftpass.page.Page.clickElement(Page.java:123)
	at swiftpass.page.Page.clickElement(Page.java:123)
	at swiftpass.page.Page.clickElement(Page.java:123)
	at swiftpass.page.Page.clickElement(Page.java:123)
	at swiftpass.page.Page.clickElement(Page.java:123)
	at swiftpass.page.Page.clickElement(Page.java:123)
	at swiftpass.page.Page.clickElement(Page.java:123)
	at swiftpass.page.Page.clickElement(Page.java:123)
	at swiftpass.page.Page.clickElement(Page.java:123)
	at swiftpass.page.Page.clickElement(Page.java:123)
	at swiftpass.page.Page.clickElement(Page.java:123)
	at swiftpass.page.Page.clickElement(Page.java:123)
	at swiftpass.page.Page.clickElement(Page.java:123)
	at swiftpass.page.Page.clickElement(Page.java:123)
	at swiftpass.page.Page.clickElement(Page.java:123)
	at swiftpass.page.Page.clickElement(Page.java:123)
	at swiftpass.page.Page.clickElement(Page.java:123)
	at swiftpass.page.Page.clickElement(Page.java:123)
	at swiftpass.page.Page.clickElement(Page.java:123)
	at swiftpass.page.Page.clickElement(Page.java:123)
	at swiftpass.page.Page.clickElement(Page.java:123)
	at swiftpass.page.Page.clickElement(Page.java:123)
	at swiftpass.page.Page.clickElement(Page.java:123)
	at swiftpass.page.Page.clickElement(Page.java:123)
	at swiftpass.page.Page.clickElement(Page.java:123)
	at swiftpass.page.Page.clickElement(Page.java:123)
	at swiftpass.page.Page.clickElement(Page.java:123)
	at swiftpass.page.Page.clickElement(Page.java:123)
	at swiftpass.page.Page.clickElement(Page.java:123)
	at swiftpass.page.Page.clickElement(Page.java:123)
	at swiftpass.page.Page.clickElement(Page.java:123)
	at swiftpass.page.Page.clickElement(Page.java:123)
	at swiftpass.page.Page.clickElement(Page.java:123)
	at swiftpass.page.Page.clickElement(Page.java:123)
	at swiftpass.page.Page.clickElement(Page.java:123)
	at swiftpass.page.Page.clickElement(Page.java:123)
	at swiftpass.page.Page.clickElement(Page.java:123)
	at swiftpass.page.Page.clickElement(Page.java:123)
	at swiftpass.page.Page.clickElement(Page.java:123)
	at swiftpass.page.Page.clickElement(Page.java:123)
	at swiftpass.page.Page.clickElement(Page.java:123)
	at swiftpass.page.Page.clickElement(Page.java:123)
	at swiftpass.page.Page.clickElement(Page.java:123)
	at swiftpass.page.Page.clickElement(Page.java:123)
	at swiftpass.page.Page.clickElement(Page.java:123)
	at swiftpass.page.Page.clickElement(Page.java:123)
	at swiftpass.page.Page.clickElement(Page.java:123)
	at swiftpass.page.Page.clickElement(Page.java:123)
	at swiftpass.page.Page.clickElement(Page.java:123)
	at swiftpass.page.Page.clickElement(Page.java:123)
	at swiftpass.page.Page.clickElement(Page.java:123)
	at swiftpass.page.Page.clickElement(Page.java:123)
	at swiftpass.page.Page.clickElement(Page.java:123)
	at swiftpass.page.Page.clickElement(Page.java:123)
	at swiftpass.page.Page.clickElement(Page.java:123)
	at swiftpass.page.Page.clickElement(Page.java:123)
	at swiftpass.page.Page.clickElement(Page.java:123)
	at swiftpass.page.Page.clickElement(Page.java:123)
	at swiftpass.page.Page.clickElement(Page.java:123)
	at swiftpass.page.Page.clickElement(Page.java:123)
	at swiftpass.page.Page.clickElement(Page.java:123)
	at swiftpass.page.Page.clickElement(Page.java:123)
	at swiftpass.page.Page.clickElement(Page.java:123)
	at swiftpass.page.Page.clickElement(Page.java:123)
	at swiftpass.page.Page.clickElement(Page.java:123)
	at swiftpass.page.Page.clickElement(Page.java:123)
	at swiftpass.page.Page.clickElement(Page.java:123)
	at swiftpass.page.Page.clickElement(Page.java:123)
	at swiftpass.page.Page.clickElement(Page.java:123)
	at swiftpass.page.Page.clickElement(Page.java:123)
	at swiftpass.page.Page.clickElement(Page.java:123)
	at swiftpass.page.Page.clickElement(Page.java:123)
	at swiftpass.page.Page.clickElement(Page.java:123)
	at swiftpass.page.Page.clickElement(Page.java:123)
	at swiftpass.page.Page.clickElement(Page.java:123)
	at swiftpass.page.Page.clickElement(Page.java:123)
	at swiftpass.page.Page.clickElement(Page.java:123)
	at swiftpass.page.Page.clickElement(Page.java:123)
	at swiftpass.page.Page.clickElement(Page.java:123)
	at swiftpass.page.Page.clickElement(Page.java:123)
	at swiftpass.page.Page.clickElement(Page.java:123)
	at swiftpass.page.Page.clickElement(Page.java:123)
	at swiftpass.page.Page.clickElement(Page.java:123)
	at swiftpass.page.Page.clickElement(Page.java:123)
	at swiftpass.page.Page.clickElement(Page.java:123)
	at swiftpass.page.Page.clickElement(Page.java:123)
	at swiftpass.page.Page.clickElement(Page.java:123)
	at swiftpass.page.Page.clickElement(Page.java:123)
	at swiftpass.page.Page.clickElement(Page.java:123)
	at swiftpass.page.Page.clickElement(Page.java:123)
	at swiftpass.page.Page.clickElement(Page.java:123)
	at swiftpass.page.Page.clickElement(Page.java:123)
	at swiftpass.page.Page.clickElement(Page.java:123)
	at swiftpass.page.Page.clickElement(Page.java:123)
	at swiftpass.page.Page.clickElement(Page.java:123)
	at swiftpass.page.Page.clickElement(Page.java:123)
	at swiftpass.page.Page.clickElement(Page.java:123)
	at swiftpass.page.Page.clickElement(Page.java:123)
	at swiftpass.page.Page.clickElement(Page.java:123)
	at swiftpass.page.Page.clickElement(Page.java:123)
	at swiftpass.page.Page.clickElement(Page.java:123)
	at swiftpass.page.Page.clickElement(Page.java:123)
	at swiftpass.page.Page.clickElement(Page.java:123)
	at swiftpass.page.Page.clickElement(Page.java:123)
	at swiftpass.page.Page.clickElement(Page.java:123)
	at swiftpass.page.Page.clickElement(Page.java:123)
	at swiftpass.page.Page.clickElement(Page.java:123)
	at swiftpass.page.Page.clickElement(Page.java:123)
	at swiftpass.page.Page.clickElement(Page.java:123)
	at swiftpass.page.Page.clickElement(Page.java:123)
	at swiftpass.page.Page.clickElement(Page.java:123)
	at swiftpass.page.Page.clickElement(Page.java:123)
	at swiftpass.page.Page.clickElement(Page.java:123)
	at swiftpass.page.Page.clickElement(Page.java:123)
	at swiftpass.page.Page.clickElement(Page.java:123)
	at swiftpass.page.Page.clickElement(Page.java:123)
	at swiftpass.page.Page.clickElement(Page.java:123)
	at swiftpass.page.Page.clickElement(Page.java:123)
	at swiftpass.page.Page.clickElement(Page.java:123)
	at swiftpass.page.Page.clickElement(Page.java:123)
	at swiftpass.page.Page.clickElement(Page.java:123)
	at swiftpass.page.Page.clickElement(Page.java:123)
	at swiftpass.page.Page.clickElement(Page.java:123)
	at swiftpass.page.Page.clickElement(Page.java:123)
	at swiftpass.page.Page.clickElement(Page.java:123)
	at swiftpass.page.Page.clickElement(Page.java:123)
	at swiftpass.page.Page.clickElement(Page.java:123)
	at swiftpass.page.Page.clickElement(Page.java:123)
	at swiftpass.page.Page.clickElement(Page.java:123)
	at swiftpass.page.Page.clickElement(Page.java:123)
	at swiftpass.page.Page.clickElement(Page.java:123)
	at swiftpass.page.Page.clickElement(Page.java:123)
	at swiftpass.page.Page.clickElement(Page.java:123)
	at swiftpass.page.Page.clickElement(Page.java:123)
	at swiftpass.page.Page.clickElement(Page.java:123)
	at swiftpass.page.Page.clickElement(Page.java:123)
	at swiftpass.page.Page.clickElement(Page.java:123)
	at swiftpass.page.Page.clickElement(Page.java:123)
	at swiftpass.page.Page.clickElement(Page.java:123)
	at swiftpass.page.Page.clickElement(Page.java:123)
	at swiftpass.page.Page.clickElement(Page.java:123)
	at swiftpass.page.Page.clickElement(Page.java:123)
	at swiftpass.page.Page.clickElement(Page.java:123)
	at swiftpass.page.Page.clickElement(Page.java:123)
	at swiftpass.page.Page.clickElement(Page.java:123)
	at swiftpass.page.Page.clickElement(Page.java:123)
	at swiftpass.page.Page.clickElement(Page.java:123)
	at swiftpass.page.Page.clickElement(Page.java:123)
	at swiftpass.page.Page.clickElement(Page.java:123)
	at swiftpass.page.Page.clickElement(Page.java:123)
	at swiftpass.page.Page.clickElement(Page.java:123)
	at swiftpass.page.Page.clickElement(Page.java:123)
	at swiftpass.page.Page.clickElement(Page.java:123)
	at swiftpass.page.Page.clickElement(Page.java:123)
	at swiftpass.page.Page.clickElement(Page.java:123)
	at swiftpass.page.Page.clickElement(Page.java:123)
	at swiftpass.page.Page.clickElement(Page.java:123)
	at swiftpass.page.Page.clickElement(Page.java:123)
	at swiftpass.page.Page.clickElement(Page.java:123)
	at swiftpass.page.Page.clickElement(Page.java:123)
	at swiftpass.page.Page.clickElement(Page.java:123)
	at swiftpass.page.Page.clickElement(Page.java:123)
	at swiftpass.page.Page.clickElement(Page.java:123)
	at swiftpass.page.Page.clickElement(Page.java:123)
	at swiftpass.page.Page.clickElement(Page.java:123)
	at swiftpass.page.Page.clickElement(Page.java:123)
	at swiftpass.page.Page.clickElement(Page.java:123)
	at swiftpass.page.Page.clickElement(Page.java:123)
	at swiftpass.page.Page.clickElement(Page.java:123)
	at swiftpass.page.Page.clickElement(Page.java:123)
	at swiftpass.page.Page.clickElement(Page.java:123)
	at swiftpass.page.Page.clickElement(Page.java:123)
	at swiftpass.page.Page.clickElement(Page.java:123)
	at swiftpass.page.Page.clickElement(Page.java:123)
	at swiftpass.page.Page.clickElement(Page.java:123)
	at swiftpass.page.Page.clickElement(Page.java:123)
	at swiftpass.page.Page.clickElement(Page.java:123)
	at swiftpass.page.Page.clickElement(Page.java:123)
	at swiftpass.page.Page.clickElement(Page.java:123)
	at swiftpass.page.Page.clickElement(Page.java:123)
	at swiftpass.page.Page.clickElement(Page.java:123)
	at swiftpass.page.Page.clickElement(Page.java:123)
	at swiftpass.page.Page.clickElement(Page.java:123)
	at swiftpass.page.Page.clickElement(Page.java:123)
	at swiftpass.page.Page.clickElement(Page.java:123)
	at swiftpass.page.Page.clickElement(Page.java:123)
	at swiftpass.page.Page.clickElement(Page.java:123)
	at swiftpass.page.Page.clickElement(Page.java:123)
	at swiftpass.page.Page.clickElement(Page.java:123)
	at swiftpass.page.Page.clickElement(Page.java:123)
	at swiftpass.page.Page.clickElement(Page.java:123)
	at swiftpass.page.Page.clickElement(Page.java:123)
	at swiftpass.page.Page.clickElement(Page.java:123)
	at swiftpass.page.Page.clickElement(Page.java:123)
	at swiftpass.page.Page.clickElement(Page.java:123)
	at swiftpass.page.Page.clickElement(Page.java:123)
	at swiftpass.page.Page.clickElement(Page.java:123)
	at swiftpass.page.Page.clickElement(Page.java:123)
	at swiftpass.page.Page.clickElement(Page.java:123)
	at swiftpass.page.Page.clickElement(Page.java:123)
	at swiftpass.page.Page.clickElement(Page.java:123)
	at swiftpass.page.Page.clickElement(Page.java:123)
	at swiftpass.page.Page.clickElement(Page.java:123)
	at swiftpass.page.Page.clickElement(Page.java:123)
	at swiftpass.page.Page.clickElement(Page.java:123)
	at swiftpass.page.Page.clickElement(Page.java:123)
	at swiftpass.page.Page.clickElement(Page.java:123)
	at swiftpass.page.Page.clickElement(Page.java:123)
	at swiftpass.page.Page.clickElement(Page.java:123)
	at swiftpass.page.Page.clickElement(Page.java:123)
	at swiftpass.page.Page.clickElement(Page.java:123)
	at swiftpass.page.Page.clickElement(Page.java:123)
	at swiftpass.page.Page.clickElement(Page.java:123)
	at swiftpass.page.Page.clickElement(Page.java:123)
	at swiftpass.page.Page.clickElement(Page.java:123)
	at swiftpass.page.Page.clickElement(Page.java:123)
	at swiftpass.page.Page.clickElement(Page.java:123)
	at swiftpass.page.Page.clickElement(Page.java:123)
	at swiftpass.page.Page.clickElement(Page.java:123)
	at swiftpass.page.Page.clickElement(Page.java:123)
	at swiftpass.page.Page.clickElement(Page.java:123)
	at swiftpass.page.Page.clickElement(Page.java:123)
	at swiftpass.page.Page.clickElement(Page.java:123)
	at swiftpass.page.Page.clickElement(Page.java:123)
	at swiftpass.page.Page.clickElement(Page.java:123)
	at swiftpass.page.Page.clickElement(Page.java:123)
	at swiftpass.page.Page.clickElement(Page.java:123)
	at swiftpass.page.Page.clickElement(Page.java:123)
	at swiftpass.page.Page.clickElement(Page.java:123)
	at swiftpass.page.Page.clickElement(Page.java:123)
	at swiftpass.page.Page.clickElement(Page.java:123)
	at swiftpass.page.Page.clickElement(Page.java:123)
	at swiftpass.page.Page.clickElement(Page.java:123)
	at swiftpass.page.Page.clickElement(Page.java:123)
	at swiftpass.page.Page.clickElement(Page.java:123)
	at swiftpass.page.Page.clickElement(Page.java:123)
	at swiftpass.page.Page.clickElement(Page.java:123)
	at swiftpass.page.Page.clickElement(Page.java:123)
	at swiftpass.page.Page.clickElement(Page.java:123)
	at swiftpass.page.Page.clickElement(Page.java:123)
	at swiftpass.page.Page.clickElement(Page.java:123)
	at swiftpass.page.Page.clickElement(Page.java:123)
	at swiftpass.page.Page.clickElement(Page.java:123)
	at swiftpass.page.Page.clickElement(Page.java:123)
	at swiftpass.page.Page.clickElement(Page.java:123)
	at swiftpass.page.Page.clickElement(Page.java:123)
	at swiftpass.page.Page.clickElement(Page.java:123)
	at swiftpass.page.Page.clickElement(Page.java:123)
	at swiftpass.page.Page.clickElement(Page.java:123)
	at swiftpass.page.Page.clickElement(Page.java:123)
	at swiftpass.page.Page.clickElement(Page.java:123)
	at swiftpass.page.Page.clickElement(Page.java:123)
	at swiftpass.page.Page.clickElement(Page.java:123)
	at swiftpass.page.Page.clickElement(Page.java:123)
	at swiftpass.page.Page.clickElement(Page.java:123)
	at swiftpass.page.Page.clickElement(Page.java:123)
	at swiftpass.page.Page.clickElement(Page.java:123)
	at swiftpass.page.Page.clickElement(Page.java:123)
	at swiftpass.page.Page.clickElement(Page.java:123)
	at swiftpass.page.Page.clickElement(Page.java:123)
	at swiftpass.page.Page.clickElement(Page.java:123)
	at swiftpass.page.Page.clickElement(Page.java:123)
	at swiftpass.page.Page.clickElement(Page.java:123)
	at swiftpass.page.Page.clickElement(Page.java:123)
	at swiftpass.page.Page.clickElement(Page.java:123)
	at swiftpass.page.Page.clickElement(Page.java:123)
	at swiftpass.page.Page.clickElement(Page.java:123)
	at swiftpass.page.Page.clickElement(Page.java:123)
	at swiftpass.page.Page.clickElement(Page.java:123)
	at swiftpass.page.Page.clickElement(Page.java:123)
	at swiftpass.page.Page.clickElement(Page.java:123)
	at swiftpass.page.Page.clickElement(Page.java:123)
	at swiftpass.page.Page.clickElement(Page.java:123)
	at swiftpass.page.Page.clickElement(Page.java:123)
	at swiftpass.page.Page.clickElement(Page.java:123)
	at swiftpass.page.Page.clickElement(Page.java:123)
	at swiftpass.page.Page.clickElement(Page.java:123)
	at swiftpass.page.Page.clickElement(Page.java:123)
	at swiftpass.page.Page.clickElement(Page.java:123)
	at swiftpass.page.Page.clickElement(Page.java:123)
	at swiftpass.page.Page.clickElement(Page.java:123)
	at swiftpass.page.Page.clickElement(Page.java:123)
	at swiftpass.page.Page.clickElement(Page.java:123)
	at swiftpass.page.Page.clickElement(Page.java:123)
	at swiftpass.page.Page.clickElement(Page.java:123)
	at swiftpass.page.Page.clickElement(Page.java:123)
	at swiftpass.page.Page.clickElement(Page.java:123)
	at swiftpass.page.Page.clickElement(Page.java:123)
	at swiftpass.page.Page.clickElement(Page.java:123)
	at swiftpass.page.Page.clickElement(Page.java:123)
	at swiftpass.page.Page.clickElement(Page.java:123)
	at swiftpass.page.Page.clickElement(Page.java:123)
	at swiftpass.page.Page.clickElement(Page.java:123)
	at swiftpass.page.Page.clickElement(Page.java:123)
	at swiftpass.page.Page.clickElement(Page.java:123)
	at swiftpass.page.Page.clickElement(Page.java:123)
	at swiftpass.page.Page.clickElement(Page.java:123)
	at swiftpass.page.Page.clickElement(Page.java:123)
	at swiftpass.page.Page.clickElement(Page.java:123)
	at swiftpass.page.Page.clickElement(Page.java:123)
	at swiftpass.page.Page.clickElement(Page.java:123)
	at swiftpass.page.Page.clickElement(Page.java:123)
	at swiftpass.page.Page.clickElement(Page.java:123)
	at swiftpass.page.Page.clickElement(Page.java:123)
	at swiftpass.page.Page.clickElement(Page.java:123)
	at swiftpass.page.Page.clickElement(Page.java:123)
	at swiftpass.page.Page.clickElement(Page.java:123)
	at swiftpass.page.Page.clickElement(Page.java:123)
	at swiftpass.page.Page.clickElement(Page.java:123)
	at swiftpass.page.Page.clickElement(Page.java:123)
	at swiftpass.page.Page.clickElement(Page.java:123)
	at swiftpass.page.Page.clickElement(Page.java:123)
	at swiftpass.page.Page.clickElement(Page.java:123)
	at swiftpass.page.Page.clickElement(Page.java:123)
	at swiftpass.page.Page.clickElement(Page.java:123)
	at swiftpass.page.Page.clickElement(Page.java:123)
	at swiftpass.page.Page.clickElement(Page.java:123)
	at swiftpass.page.Page.clickElement(Page.java:123)
	at swiftpass.page.Page.clickElement(Page.java:123)
	at swiftpass.page.Page.clickElement(Page.java:123)
	at swiftpass.page.Page.clickElement(Page.java:123)
	at swiftpass.page.Page.clickElement(Page.java:123)
	at swiftpass.page.Page.clickElement(Page.java:123)
	at swiftpass.page.Page.clickElement(Page.java:123)
	at swiftpass.page.Page.clickElement(Page.java:123)
	at swiftpass.page.Page.clickElement(Page.java:123)
	at swiftpass.page.Page.clickElement(Page.java:123)
	at swiftpass.page.Page.clickElement(Page.java:123)
	at swiftpass.page.Page.clickElement(Page.java:123)
	at swiftpass.page.Page.clickElement(Page.java:123)
	at swiftpass.page.Page.clickElement(Page.java:123)
	at swiftpass.page.Page.clickElement(Page.java:123)
	at swiftpass.page.Page.clickElement(Page.java:123)
	at swiftpass.page.Page.clickElement(Page.java:123)
	at swiftpass.page.Page.clickElement(Page.java:123)
	at swiftpass.page.Page.clickElement(Page.java:123)
	at swiftpass.page.Page.clickElement(Page.java:123)
	at swiftpass.page.Page.clickElement(Page.java:123)
	at swiftpass.page.Page.clickElement(Page.java:123)
	at swiftpass.page.Page.clickElement(Page.java:123)
	at swiftpass.page.Page.clickElement(Page.java:123)
	at swiftpass.page.Page.clickElement(Page.java:123)
	at swiftpass.page.Page.clickElement(Page.java:123)
	at swiftpass.page.Page.clickElement(Page.java:123)
	at swiftpass.page.Page.clickElement(Page.java:123)
	at swiftpass.page.Page.clickElement(Page.java:123)
	at swiftpass.page.Page.clickElement(Page.java:123)
	at swiftpass.page.Page.clickElement(Page.java:123)
	at swiftpass.page.Page.clickElement(Page.java:123)
	at swiftpass.page.Page.clickElement(Page.java:123)
	at swiftpass.page.Page.clickElement(Page.java:123)
	at swiftpass.page.Page.clickElement(Page.java:123)
	at swiftpass.page.Page.clickElement(Page.java:123)
	at swiftpass.page.Page.clickElement(Page.java:123)
	at swiftpass.page.Page.clickElement(Page.java:123)
	at swiftpass.page.Page.clickElement(Page.java:123)
	at swiftpass.page.Page.clickElement(Page.java:123)
	at swiftpass.page.Page.clickElement(Page.java:123)
	at swiftpass.page.Page.clickElement(Page.java:123)
	at swiftpass.page.Page.clickElement(Page.java:123)
	at swiftpass.page.Page.clickElement(Page.java:123)
	at swiftpass.page.Page.clickElement(Page.java:123)
	at swiftpass.page.Page.clickElement(Page.java:123)
	at swiftpass.page.Page.clickElement(Page.java:123)
	at swiftpass.page.Page.clickElement(Page.java:123)
	at swiftpass.page.Page.clickElement(Page.java:123)
	at swiftpass.page.Page.clickElement(Page.java:123)
	at swiftpass.page.Page.clickElement(Page.java:123)
	at swiftpass.page.Page.clickElement(Page.java:123)
	at swiftpass.page.Page.clickElement(Page.java:123)
	at swiftpass.page.Page.clickElement(Page.java:123)
	at swiftpass.page.Page.clickElement(Page.java:123)
	at swiftpass.page.Page.clickElement(Page.java:123)
	at swiftpass.page.Page.clickElement(Page.java:123)
	at swiftpass.page.Page.clickElement(Page.java:123)
	at swiftpass.page.Page.clickElement(Page.java:123)
	at swiftpass.page.Page.clickElement(Page.java:123)
	at swiftpass.page.Page.clickElement(Page.java:123)
	at swiftpass.page.Page.clickElement(Page.java:123)
	at swiftpass.page.Page.clickElement(Page.java:123)
	at swiftpass.page.Page.clickElement(Page.java:123)
	at swiftpass.page.Page.clickElement(Page.java:123)
	at swiftpass.page.Page.clickElement(Page.java:123)
	at swiftpass.page.Page.clickElement(Page.java:123)
	at swiftpass.page.Page.clickElement(Page.java:123)
	at swiftpass.page.Page.clickElement(Page.java:123)
	at swiftpass.page.Page.clickElement(Page.java:123)
	at swiftpass.page.Page.clickElement(Page.java:123)
	at swiftpass.page.Page.clickElement(Page.java:123)
	at swiftpass.page.Page.clickElement(Page.java:123)
	at swiftpass.page.Page.clickElement(Page.java:123)
	at swiftpass.page.Page.clickElement(Page.java:123)
	at swiftpass.page.Page.clickElement(Page.java:123)
	at swiftpass.page.Page.clickElement(Page.java:123)
	at swiftpass.page.Page.clickElement(Page.java:123)
	at swiftpass.page.Page.clickElement(Page.java:123)
	at swiftpass.page.Page.clickElement(Page.java:123)
	at swiftpass.page.Page.clickElement(Page.java:123)
	at swiftpass.page.Page.clickElement(Page.java:123)
	at swiftpass.page.Page.clickElement(Page.java:123)
	at swiftpass.page.Page.clickElement(Page.java:123)
	at swiftpass.page.Page.clickElement(Page.java:123)
	at swiftpass.page.Page.clickElement(Page.java:123)
	at swiftpass.page.Page.clickElement(Page.java:123)
	at swiftpass.page.Page.clickElement(Page.java:123)
	at swiftpass.page.Page.clickElement(Page.java:123)
	at swiftpass.page.Page.clickElement(Page.java:123)
	at swiftpass.page.Page.clickElement(Page.java:123)
	at swiftpass.page.Page.clickElement(Page.java:123)
	at swiftpass.page.Page.clickElement(Page.java:123)
	at swiftpass.page.Page.clickElement(Page.java:123)
	at swiftpass.page.Page.clickElement(Page.java:123)
	at swiftpass.page.Page.clickElement(Page.java:123)
	at swiftpass.page.Page.clickElement(Page.java:123)
	at swiftpass.page.Page.clickElement(Page.java:123)
	at swiftpass.page.Page.clickElement(Page.java:123)
	at swiftpass.page.Page.clickElement(Page.java:123)
	at swiftpass.page.Page.clickElement(Page.java:123)
	at swiftpass.page.Page.clickElement(Page.java:123)
	at swiftpass.page.Page.clickElement(Page.java:123)
	at swiftpass.page.Page.clickElement(Page.java:123)
	at swiftpass.page.Page.clickElement(Page.java:123)
	at swiftpass.page.Page.clickElement(Page.java:123)
	at swiftpass.page.Page.clickElement(Page.java:123)
	at swiftpass.page.Page.clickElement(Page.java:123)
	at swiftpass.page.Page.clickElement(Page.java:123)
	at swiftpass.page.Page.clickElement(Page.java:123)
	at swiftpass.page.Page.clickElement(Page.java:123)
	at swiftpass.page.Page.clickElement(Page.java:123)
	at swiftpass.page.Page.clickElement(Page.java:123)
	at swiftpass.page.Page.clickElement(Page.java:123)
	at swiftpass.page.Page.clickElement(Page.java:123)
	at swiftpass.page.Page.clickElement(Page.java:123)
	at swiftpass.page.Page.clickElement(Page.java:123)
	at swiftpass.page.Page.clickElement(Page.java:123)
	at swiftpass.page.Page.clickElement(Page.java:123)
	at swiftpass.page.Page.clickElement(Page.java:123)
	at swiftpass.page.Page.clickElement(Page.java:123)
	at swiftpass.page.Page.clickElement(Page.java:123)
	at swiftpass.page.Page.clickElement(Page.java:123)
	at swiftpass.page.Page.clickElement(Page.java:123)
	at swiftpass.page.Page.clickElement(Page.java:123)
	at swiftpass.page.Page.clickElement(Page.java:123)
	at swiftpass.page.Page.clickElement(Page.java:123)
	at swiftpass.page.Page.clickElement(Page.java:123)
	at swiftpass.page.Page.clickElement(Page.java:123)
	at swiftpass.page.Page.clickElement(Page.java:123)
	at swiftpass.page.Page.clickElement(Page.java:123)
	at swiftpass.page.Page.clickElement(Page.java:123)
	at swiftpass.page.Page.clickElement(Page.java:123)
	at swiftpass.page.Page.clickElement(Page.java:123)
	at swiftpass.page.Page.clickElement(Page.java:123)
	at swiftpass.page.Page.clickElement(Page.java:123)
	at swiftpass.page.Page.clickElement(Page.java:123)
	at swiftpass.page.Page.clickElement(Page.java:123)
	at swiftpass.page.Page.clickElement(Page.java:123)
	at swiftpass.page.Page.clickElement(Page.java:123)
	at swiftpass.page.Page.clickElement(Page.java:123)
	at swiftpass.page.Page.clickElement(Page.java:123)
	at swiftpass.page.Page.clickElement(Page.java:123)
	at swiftpass.page.Page.clickElement(Page.java:123)
	at swiftpass.page.Page.clickElement(Page.java:123)
	at swiftpass.page.Page.clickElement(Page.java:123)
	at swiftpass.page.Page.clickElement(Page.java:123)
	at swiftpass.page.Page.clickElement(Page.java:123)
	at swiftpass.page.Page.clickElement(Page.java:123)
	at swiftpass.page.Page.clickElement(Page.java:123)
	at swiftpass.page.Page.clickElement(Page.java:123)
	at swiftpass.page.Page.clickElement(Page.java:123)
	at swiftpass.page.Page.clickElement(Page.java:123)
	at swiftpass.page.Page.clickElement(Page.java:123)
	at swiftpass.page.Page.clickElement(Page.java:123)
	at swiftpass.page.Page.clickElement(Page.java:123)
	at swiftpass.page.Page.clickElement(Page.java:123)
	at swiftpass.page.Page.clickElement(Page.java:123)
	at swiftpass.page.Page.clickElement(Page.java:123)
	at swiftpass.page.Page.clickElement(Page.java:123)
	at swiftpass.page.Page.clickElement(Page.java:123)
	at swiftpass.page.Page.clickElement(Page.java:123)
	at swiftpass.page.Page.clickElement(Page.java:123)
	at swiftpass.page.Page.clickElement(Page.java:123)
	at swiftpass.page.Page.clickElement(Page.java:123)
	at swiftpass.page.Page.clickElement(Page.java:123)
	at swiftpass.page.Page.clickElement(Page.java:123)
	at swiftpass.page.Page.clickElement(Page.java:123)
	at swiftpass.page.Page.clickElement(Page.java:123)
	at swiftpass.page.Page.clickElement(Page.java:123)
	at swiftpass.page.Page.clickElement(Page.java:123)
	at swiftpass.page.Page.clickElement(Page.java:123)
	at swiftpass.page.Page.clickElement(Page.java:123)
	at swiftpass.page.Page.clickElement(Page.java:123)
	at swiftpass.page.Page.clickElement(Page.java:123)
	at swiftpass.page.Page.clickElement(Page.java:123)
	at swiftpass.page.Page.clickElement(Page.java:123)
	at swiftpass.page.Page.clickElement(Page.java:123)
	at swiftpass.page.Page.clickElement(Page.java:123)
	at swiftpass.page.Page.clickElement(Page.java:123)
	at swiftpass.page.Page.clickElement(Page.java:123)
	at swiftpass.page.Page.clickElement(Page.java:123)
	at swiftpass.page.Page.clickElement(Page.java:123)
	at swiftpass.page.Page.clickElement(Page.java:123)
	at swiftpass.page.Page.clickElement(Page.java:123)
	at swiftpass.page.Page.clickElement(Page.java:123)
	at swiftpass.page.Page.clickElement(Page.java:123)
	at swiftpass.page.Page.clickElement(Page.java:123)
	at swiftpass.page.Page.clickElement(Page.java:123)
	at swiftpass.page.Page.clickElement(Page.java:123)
	at swiftpass.page.Page.clickElement(Page.java:123)
	at swiftpass.page.Page.clickElement(Page.java:123)
	at swiftpass.page.Page.clickElement(Page.java:123)
	at swiftpass.page.Page.clickElement(Page.java:123)
	at swiftpass.page.Page.clickElement(Page.java:123)
	at swiftpass.page.Page.clickElement(Page.java:123)
	at swiftpass.page.Page.clickElement(Page.java:123)
	at swiftpass.page.Page.clickElement(Page.java:123)
	at swiftpass.page.Page.clickElement(Page.java:123)
	at swiftpass.page.Page.clickElement(Page.java:123)
	at swiftpass.page.Page.clickElement(Page.java:123)
	at swiftpass.page.Page.clickElement(Page.java:123)
	at swiftpass.page.Page.clickElement(Page.java:123)
	at swiftpass.page.Page.clickElement(Page.java:123)
	at swiftpass.page.Page.clickElement(Page.java:123)
	at swiftpass.page.Page.clickElement(Page.java:123)
	at swiftpass.page.Page.clickElement(Page.java:123)
	at swiftpass.page.Page.clickElement(Page.java:123)
	at swiftpass.page.Page.clickElement(Page.java:123)
	at swiftpass.page.Page.clickElement(Page.java:123)
	at swiftpass.page.Page.clickElement(Page.java:123)
	at swiftpass.page.Page.clickElement(Page.java:123)
	at swiftpass.page.Page.clickElement(Page.java:123)
	at swiftpass.page.Page.clickElement(Page.java:123)
	at swiftpass.page.Page.clickElement(Page.java:123)
	at swiftpass.page.Page.clickElement(Page.java:123)
	at swiftpass.page.Page.clickElement(Page.java:123)
	at swiftpass.page.Page.clickElement(Page.java:123)
	at swiftpass.page.Page.clickElement(Page.java:123)
	at swiftpass.page.Page.clickElement(Page.java:123)
	at swiftpass.page.Page.clickElement(Page.java:123)
	at swiftpass.page.Page.clickElement(Page.java:123)
	at swiftpass.page.Page.clickElement(Page.java:123)
	at swiftpass.page.Page.clickElement(Page.java:123)
	at swiftpass.page.Page.clickElement(Page.java:123)
	at swiftpass.page.Page.clickElement(Page.java:123)
	at swiftpass.page.Page.clickElement(Page.java:123)
	at swiftpass.page.Page.clickElement(Page.java:123)
	at swiftpass.page.Page.clickElement(Page.java:123)
	at swiftpass.page.Page.clickElement(Page.java:123)
	at swiftpass.page.Page.clickElement(Page.java:123)
	at swiftpass.page.Page.clickElement(Page.java:123)
	at swiftpass.page.Page.clickElement(Page.java:123)
	at swiftpass.page.Page.clickElement(Page.java:123)
	at swiftpass.page.Page.clickElement(Page.java:123)
	at swiftpass.page.Page.clickElement(Page.java:123)
	at swiftpass.page.Page.clickElement(Page.java:123)
	at swiftpass.page.Page.clickElement(Page.java:123)
	at swiftpass.page.Page.clickElement(Page.java:123)
	at swiftpass.page.Page.clickElement(Page.java:123)
	at swiftpass.page.Page.clickElement(Page.java:123)
	at swiftpass.page.Page.clickElement(Page.java:123)
	at swiftpass.page.Page.clickElement(Page.java:123)
	at swiftpass.page.Page.clickElement(Page.java:123)
	at swiftpass.page.Page.clickElement(Page.java:123)
	at swiftpass.page.Page.clickElement(Page.java:123)
	at swiftpass.page.Page.clickElement(Page.java:123)
	at swiftpass.page.Page.clickElement(Page.java:123)
	at swiftpass.page.Page.clickElement(Page.java:123)
	at swiftpass.page.Page.clickElement(Page.java:123)
	at swiftpass.page.Page.clickElement(Page.java:123)
	at swiftpass.page.Page.clickElement(Page.java:123)
	at swiftpass.page.Page.clickElement(Page.java:123)
	at swiftpass.page.Page.clickElement(Page.java:123)
	at swiftpass.page.Page.clickElement(Page.java:123)
	at swiftpass.page.Page.clickElement(Page.java:123)
	at swiftpass.page.Page.clickElement(Page.java:123)
	at swiftpass.page.Page.clickElement(Page.java:123)
	at swiftpass.page.Page.clickElement(Page.java:123)
	at swiftpass.page.Page.clickElement(Page.java:123)
	at swiftpass.page.Page.clickElement(Page.java:123)
	at swiftpass.page.Page.clickElement(Page.java:123)
	at swiftpass.page.Page.clickElement(Page.java:123)
	at swiftpass.page.Page.clickElement(Page.java:123)
	at swiftpass.page.Page.clickElement(Page.java:123)
	at swiftpass.page.Page.clickElement(Page.java:123)
	at swiftpass.page.Page.clickElement(Page.java:123)
	at swiftpass.page.Page.clickElement(Page.java:123)
	at swiftpass.page.Page.clickElement(Page.java:123)
	at swiftpass.page.Page.clickElement(Page.java:123)
	at swiftpass.page.Page.clickElement(Page.java:123)
	at swiftpass.page.Page.clickElement(Page.java:123)
	at swiftpass.page.Page.clickElement(Page.java:123)
	at swiftpass.page.Page.clickElement(Page.java:123)
	at swiftpass.page.Page.clickElement(Page.java:123)
	at swiftpass.page.Page.clickElement(Page.java:123)
	at swiftpass.page.Page.clickElement(Page.java:123)
	at swiftpass.page.Page.clickElement(Page.java:123)
	at swiftpass.page.Page.clickElement(Page.java:123)
	at swiftpass.page.Page.clickElement(Page.java:123)
	at swiftpass.page.Page.clickElement(Page.java:123)
	at swiftpass.page.Page.clickElement(Page.java:123)
	at swiftpass.page.Page.clickElement(Page.java:123)
	at swiftpass.page.Page.clickElement(Page.java:123)
	at swiftpass.page.Page.clickElement(Page.java:123)
	at swiftpass.page.Page.clickElement(Page.java:123)
	at swiftpass.page.Page.clickElement(Page.java:123)
	at swiftpass.page.Page.clickElement(Page.java:123)
	at swiftpass.page.Page.clickElement(Page.java:123)
	at swiftpass.page.Page.clickElement(Page.java:123)
	at swiftpass.page.Page.clickElement(Page.java:123)
	at swiftpass.page.Page.clickElement(Page.java:123)
	at swiftpass.page.Page.clickElement(Page.java:123)
	at swiftpass.page.Page.clickElement(Page.java:123)
	at swiftpass.page.Page.clickElement(Page.java:123)
	at swiftpass.page.Page.clickElement(Page.java:123)
	at swiftpass.page.Page.clickElement(Page.java:123)
	at swiftpass.page.Page.clickElement(Page.java:123)
	at swiftpass.page.Page.clickElement(Page.java:123)
	at swiftpass.page.Page.clickElement(Page.java:123)
	at swiftpass.page.Page.clickElement(Page.java:123)
	at swiftpass.page.Page.clickElement(Page.java:123)
	at swiftpass.page.Page.clickElement(Page.java:123)
	at swiftpass.page.Page.clickElement(Page.java:123)
	at swiftpass.page.Page.clickElement(Page.java:123)
	at swiftpass.page.Page.clickElement(Page.java:123)
	at swiftpass.page.Page.clickElement(Page.java:123)
	at swiftpass.page.Page.clickElement(Page.java:123)
	at swiftpass.page.Page.clickElement(Page.java:123)
	at swiftpass.page.Page.clickElement(Page.java:123)
	at swiftpass.page.Page.clickElement(Page.java:123)
	at swiftpass.page.Page.clickElement(Page.java:123)
	at swiftpass.page.Page.clickElement(Page.java:123)
	at swiftpass.page.Page.clickElement(Page.java:123)
	at swiftpass.page.Page.clickElement(Page.java:123)
	at swiftpass.page.Page.clickElement(Page.java:123)
	at swiftpass.page.Page.clickElement(Page.java:123)
	at swiftpass.page.Page.clickElement(Page.java:123)
	at swiftpass.page.Page.clickElement(Page.java:123)
	at swiftpass.page.Page.clickElement(Page.java:123)
	at swiftpass.page.Page.clickElement(Page.java:123)
	at swiftpass.page.Page.clickElement(Page.java:123)
	at swiftpass.page.Page.clickElement(Page.java:123)
	at swiftpass.page.Page.clickElement(Page.java:123)
	at swiftpass.page.Page.clickElement(Page.java:123)
	at swiftpass.page.Page.clickElement(Page.java:123)
	at swiftpass.page.Page.clickElement(Page.java:123)
	at swiftpass.page.Page.clickElement(Page.java:123)
	at swiftpass.page.Page.clickElement(Page.java:123)
	at swiftpass.page.Page.clickElement(Page.java:123)
	at swiftpass.page.Page.clickElement(Page.java:123)
	at swiftpass.page.Page.clickElement(Page.java:123)
	at swiftpass.page.Page.clickElement(Page.java:123)
	at swiftpass.page.Page.clickElement(Page.java:123)
	at swiftpass.page.Page.clickElement(Page.java:123)
	at swiftpass.page.Page.clickElement(Page.java:123)
	at swiftpass.page.Page.clickElement(Page.java:123)
	at swiftpass.page.Page.clickElement(Page.java:123)
	at swiftpass.page.Page.clickElement(Page.java:123)
	at swiftpass.page.Page.clickElement(Page.java:123)
	at swiftpass.page.Page.clickElement(Page.java:123)
	at swiftpass.page.Page.clickElement(Page.java:123)
	at swiftpass.page.Page.clickElement(Page.java:123)
	at swiftpass.page.Page.clickElement(Page.java:123)
	at swiftpass.page.Page.clickElement(Page.java:123)
	at swiftpass.page.Page.clickElement(Page.java:123)
	at swiftpass.page.Page.clickElement(Page.java:123)
	at swiftpass.page.Page.clickElement(Page.java:123)
	at swiftpass.page.Page.clickElement(Page.java:123)
	at swiftpass.page.Page.clickElement(Page.java:123)
	at swiftpass.page.Page.clickElement(Page.java:123)
	at swiftpass.page.Page.clickElement(Page.java:123)
	at swiftpass.page.Page.clickElement(Page.java:123)
	at swiftpass.page.Page.clickElement(Page.java:123)
	at swiftpass.page.Page.clickElement(Page.java:123)
	at swiftpass.page.Page.clickElement(Page.java:123)
	at swiftpass.page.Page.clickElement(Page.java:123)
	at swiftpass.page.Page.clickElement(Page.java:123)
	at swiftpass.page.Page.clickElement(Page.java:123)
	at swiftpass.page.Page.clickElement(Page.java:123)
	at swiftpass.page.Page.clickElement(Page.java:123)
	at swiftpass.page.Page.clickElement(Page.java:123)
	at swiftpass.page.Page.clickElement(Page.java:123)
	at swiftpass.page.Page.clickElement(Page.java:123)
	at swiftpass.page.Page.clickElement(Page.java:123)
	at swiftpass.page.Page.clickElement(Page.java:123)
	at swiftpass.page.Page.clickElement(Page.java:123)
	at swiftpass.page.Page.clickElement(Page.java:123)
	at swiftpass.page.Page.clickElement(Page.java:123)
	at swiftpass.page.Page.clickElement(Page.java:123)
	at swiftpass.page.Page.clickElement(Page.java:123)
	at swiftpass.page.Page.clickElement(Page.java:123)
	at swiftpass.page.Page.clickElement(Page.java:123)
	at swiftpass.page.Page.clickElement(Page.java:123)
	at swiftpass.page.Page.clickElement(Page.java:123)
	at swiftpass.page.Page.clickElement(Page.java:123)
	at swiftpass.page.Page.clickElement(Page.java:123)
	at swiftpass.page.Page.clickElement(Page.java:123)
	at swiftpass.page.Page.clickElement(Page.java:123)
	at swiftpass.page.Page.clickElement(Page.java:123)
	at swiftpass.page.Page.clickElement(Page.java:123)
	at swiftpass.page.Page.clickElement(Page.java:123)
	at swiftpass.page.Page.clickElement(Page.java:123)
	at swiftpass.page.Page.clickElement(Page.java:123)
	at swiftpass.page.Page.clickElement(Page.java:123)
	at swiftpass.page.Page.clickElement(Page.java:123)
	at swiftpass.page.Page.clickElement(Page.java:123)
	at swiftpass.page.Page.clickElement(Page.java:123)
	at swiftpass.page.Page.clickElement(Page.java:123)
	at swiftpass.page.Page.clickElement(Page.java:123)
	at swiftpass.page.Page.clickElement(Page.java:123)
	at swiftpass.page.Page.clickElement(Page.java:123)
	at swiftpass.page.Page.clickElement(Page.java:123)
	at swiftpass.page.Page.clickElement(Page.java:123)
	at swiftpass.page.Page.clickElement(Page.java:123)
	at swiftpass.page.Page.clickElement(Page.java:123)
	at swiftpass.page.Page.clickElement(Page.java:123)
	at swiftpass.page.Page.clickElement(Page.java:123)
	at swiftpass.page.Page.clickElement(Page.java:123)
	at swiftpass.page.Page.clickElement(Page.java:123)
	at swiftpass.page.Page.clickElement(Page.java:123)
	at swiftpass.page.Page.clickElement(Page.java:123)
	at swiftpass.page.Page.clickElement(Page.java:123)
	at swiftpass.page.Page.clickElement(Page.java:123)
	at swiftpass.page.Page.clickElement(Page.java:123)
	at swiftpass.page.Page.clickElement(Page.java:123)
	at swiftpass.page.Page.clickElement(Page.java:123)
	at swiftpass.page.Page.clickElement(Page.java:123)
	at swiftpass.page.Page.clickElement(Page.java:123)
	at swiftpass.page.Page.clickElement(Page.java:123)
	at swiftpass.page.Page.clickElement(Page.java:123)
	at swiftpass.page.Page.clickElement(Page.java:123)
	at swiftpass.page.Page.clickElement(Page.java:123)
	at swiftpass.page.Page.clickElement(Page.java:123)
	at swiftpass.page.Page.clickElement(Page.java:123)
	at swiftpass.page.Page.clickElement(Page.java:123)
	at swiftpass.page.Page.clickElement(Page.java:123)
	at swiftpass.page.Page.clickElement(Page.java:123)
	at swiftpass.page.Page.clickElement(Page.java:123)
	at swiftpass.page.Page.clickElement(Page.java:123)
	at swiftpass.page.Page.clickElement(Page.java:123)
	at swiftpass.page.Page.clickElement(Page.java:123)
	at swiftpass.page.Page.clickElement(Page.java:123)
	at swiftpass.page.Page.clickElement(Page.java:123)
	at swiftpass.page.Page.clickElement(Page.java:123)
	at swiftpass.page.Page.clickElement(Page.java:123)
	at swiftpass.page.Page.clickElement(Page.java:123)
	at swiftpass.page.Page.clickElement(Page.java:123)
	at swiftpass.page.Page.clickElement(Page.java:123)
	at swiftpass.page.Page.clickElement(Page.java:123)
	at swiftpass.page.Page.clickElement(Page.java:123)
	at swiftpass.page.Page.clickElement(Page.java:123)
	at swiftpass.page.Page.clickElement(Page.java:123)
	at swiftpass.page.Page.clickElement(Page.java:123)
	at swiftpass.page.Page.clickElement(Page.java:123)
	at swiftpass.page.Page.clickElement(Page.java:123)
	at swiftpass.page.Page.clickElement(Page.java:123)
	at swiftpass.page.Page.clickElement(Page.java:123)
	at swiftpass.page.Page.clickElement(Page.java:123)
	at swiftpass.page.Page.clickElement(Page.java:123)
	at swiftpass.page.Page.clickElement(Page.java:123)
	at swiftpass.page.Page.clickElement(Page.java:123)
	at swiftpass.page.Page.clickElement(Page.java:123)
	at swiftpass.page.Page.clickElement(Page.java:123)
	at swiftpass.page.Page.clickElement(Page.java:123)
]]>
    </failure>
  </testcase> <!-- @BeforeMethod refresh -->
  <testcase name="@BeforeMethod refresh" time="0.0" classname="swiftpass.testcase.runners.MerchantTestCaseRunner">
    <skipped/>
  </testcase> <!-- @BeforeMethod refresh -->
  <testcase name="@BeforeMethod refresh" time="0.0" classname="swiftpass.testcase.runners.MerchantTestCaseRunner">
    <skipped/>
  </testcase> <!-- @BeforeMethod refresh -->
  <testcase name="@BeforeMethod refresh" time="0.0" classname="swiftpass.testcase.runners.MerchantTestCaseRunner">
    <skipped/>
  </testcase> <!-- @BeforeMethod refresh -->
  <testcase name="@BeforeMethod refresh" time="0.0" classname="swiftpass.testcase.runners.MerchantTestCaseRunner">
    <skipped/>
  </testcase> <!-- @BeforeMethod refresh -->
  <testcase name="@BeforeMethod refresh" time="0.0" classname="swiftpass.testcase.runners.MerchantTestCaseRunner">
    <skipped/>
  </testcase> <!-- @BeforeMethod refresh -->
  <testcase name="@BeforeMethod refresh" time="0.0" classname="swiftpass.testcase.runners.MerchantTestCaseRunner">
    <skipped/>
  </testcase> <!-- @BeforeMethod refresh -->
  <testcase name="@BeforeMethod refresh" time="0.0" classname="swiftpass.testcase.runners.MerchantTestCaseRunner">
    <skipped/>
  </testcase> <!-- @BeforeMethod refresh -->
  <testcase name="@BeforeMethod refresh" time="0.0" classname="swiftpass.testcase.runners.MerchantTestCaseRunner">
    <skipped/>
  </testcase> <!-- @BeforeMethod refresh -->
  <testcase name="@BeforeMethod refresh" time="0.0" classname="swiftpass.testcase.runners.ChannelTestCaseRunner">
    <failure type="org.openqa.selenium.NoSuchWindowException" message="no such window: target window already closed
from unknown error: web view not found
  (Session info: chrome=56.0.2924.87)
  (Driver info: chromedriver=2.24.417431 (9aea000394714d2fbb20850021f6204f2256b9cf),platform=Windows NT 10.0.15063 x86_64) (WARNING: The server did not provide any stacktrace information)
Command duration or timeout: 1 milliseconds
Build info: version: &amp;apos;unknown&amp;apos;, revision: &amp;apos;c7b525d&amp;apos;, time: &amp;apos;2016-09-01 14:57:44 -0700&amp;apos;
System info: host: &amp;apos;DESKTOP-N8UCBGL&amp;apos;, ip: &amp;apos;192.168.2.155&amp;apos;, os.name: &amp;apos;Windows 10&amp;apos;, os.arch: &amp;apos;amd64&amp;apos;, os.version: &amp;apos;10.0&amp;apos;, java.version: &amp;apos;1.8.0_121&amp;apos;
Driver info: org.openqa.selenium.chrome.ChromeDriver
Capabilities [{applicationCacheEnabled=false, rotatable=false, mobileEmulationEnabled=false, networkConnectionEnabled=false, chrome={chromedriverVersion=2.24.417431 (9aea000394714d2fbb20850021f6204f2256b9cf), userDataDir=C:\Users\admin\AppData\Local\Temp\scoped_dir12644_21792}, takesHeapSnapshot=true, pageLoadStrategy=normal, databaseEnabled=false, handlesAlerts=true, hasTouchScreen=false, version=56.0.2924.87, platform=XP, browserConnectionEnabled=false, nativeEvents=true, acceptSslCerts=true, locationContextEnabled=true, webStorageEnabled=true, browserName=chrome, takesScreenshot=true, javascriptEnabled=true, cssSelectorsEnabled=true}]
Session ID: a2fdd0c0bd3264752e9b4dd5e38736b3">
      <![CDATA[org.openqa.selenium.NoSuchWindowException: no such window: target window already closed
from unknown error: web view not found
  (Session info: chrome=56.0.2924.87)
  (Driver info: chromedriver=2.24.417431 (9aea000394714d2fbb20850021f6204f2256b9cf),platform=Windows NT 10.0.15063 x86_64) (WARNING: The server did not provide any stacktrace information)
Command duration or timeout: 1 milliseconds
Build info: version: 'unknown', revision: 'c7b525d', time: '2016-09-01 14:57:44 -0700'
System info: host: 'DESKTOP-N8UCBGL', ip: '192.168.2.155', os.name: 'Windows 10', os.arch: 'amd64', os.version: '10.0', java.version: '1.8.0_121'
Driver info: org.openqa.selenium.chrome.ChromeDriver
Capabilities [{applicationCacheEnabled=false, rotatable=false, mobileEmulationEnabled=false, networkConnectionEnabled=false, chrome={chromedriverVersion=2.24.417431 (9aea000394714d2fbb20850021f6204f2256b9cf), userDataDir=C:\Users\admin\AppData\Local\Temp\scoped_dir12644_21792}, takesHeapSnapshot=true, pageLoadStrategy=normal, databaseEnabled=false, handlesAlerts=true, hasTouchScreen=false, version=56.0.2924.87, platform=XP, browserConnectionEnabled=false, nativeEvents=true, acceptSslCerts=true, locationContextEnabled=true, webStorageEnabled=true, browserName=chrome, takesScreenshot=true, javascriptEnabled=true, cssSelectorsEnabled=true}]
Session ID: a2fdd0c0bd3264752e9b4dd5e38736b3
	at org.openqa.selenium.remote.ErrorHandler.createThrowable(ErrorHandler.java:206)
	at org.openqa.selenium.remote.ErrorHandler.throwIfResponseFailed(ErrorHandler.java:158)
	at org.openqa.selenium.remote.RemoteWebDriver.execute(RemoteWebDriver.java:631)
	at org.openqa.selenium.remote.RemoteWebDriver.execute(RemoteWebDriver.java:654)
	at org.openqa.selenium.remote.RemoteWebDriver$RemoteNavigation.refresh(RemoteWebDriver.java:906)
	at swiftpass.testcase.runners.ChannelTestCaseRunner.refresh(ChannelTestCaseRunner.java:34)
... Removed 30 stack frames]]>
    </failure>
  </testcase> <!-- @BeforeMethod refresh -->
  <testcase name="@BeforeMethod refresh" time="0.0" classname="swiftpass.testcase.runners.ChannelTestCaseRunner">
    <skipped/>
  </testcase> <!-- @BeforeMethod refresh -->
  <testcase name="@AfterTest postTestProcess" time="0.0" classname="swiftpass.testcase.RunCaseProcessor">
    <failure type="org.openqa.selenium.WebDriverException" message="chrome not reachable
  (Session info: chrome=56.0.2924.87)
  (Driver info: chromedriver=2.24.417431 (9aea000394714d2fbb20850021f6204f2256b9cf),platform=Windows NT 10.0.15063 x86_64) (WARNING: The server did not provide any stacktrace information)
Command duration or timeout: 2.01 seconds
Build info: version: &amp;apos;unknown&amp;apos;, revision: &amp;apos;c7b525d&amp;apos;, time: &amp;apos;2016-09-01 14:57:44 -0700&amp;apos;
System info: host: &amp;apos;DESKTOP-N8UCBGL&amp;apos;, ip: &amp;apos;192.168.2.155&amp;apos;, os.name: &amp;apos;Windows 10&amp;apos;, os.arch: &amp;apos;amd64&amp;apos;, os.version: &amp;apos;10.0&amp;apos;, java.version: &amp;apos;1.8.0_121&amp;apos;
Driver info: org.openqa.selenium.chrome.ChromeDriver
Capabilities [{applicationCacheEnabled=false, rotatable=false, mobileEmulationEnabled=false, networkConnectionEnabled=false, chrome={chromedriverVersion=2.24.417431 (9aea000394714d2fbb20850021f6204f2256b9cf), userDataDir=C:\Users\admin\AppData\Local\Temp\scoped_dir12644_21792}, takesHeapSnapshot=true, pageLoadStrategy=normal, databaseEnabled=false, handlesAlerts=true, hasTouchScreen=false, version=56.0.2924.87, platform=XP, browserConnectionEnabled=false, nativeEvents=true, acceptSslCerts=true, locationContextEnabled=true, webStorageEnabled=true, browserName=chrome, takesScreenshot=true, javascriptEnabled=true, cssSelectorsEnabled=true}]
Session ID: a2fdd0c0bd3264752e9b4dd5e38736b3">
      <![CDATA[org.openqa.selenium.WebDriverException: chrome not reachable
  (Session info: chrome=56.0.2924.87)
  (Driver info: chromedriver=2.24.417431 (9aea000394714d2fbb20850021f6204f2256b9cf),platform=Windows NT 10.0.15063 x86_64) (WARNING: The server did not provide any stacktrace information)
Command duration or timeout: 2.01 seconds
Build info: version: 'unknown', revision: 'c7b525d', time: '2016-09-01 14:57:44 -0700'
System info: host: 'DESKTOP-N8UCBGL', ip: '192.168.2.155', os.name: 'Windows 10', os.arch: 'amd64', os.version: '10.0', java.version: '1.8.0_121'
Driver info: org.openqa.selenium.chrome.ChromeDriver
Capabilities [{applicationCacheEnabled=false, rotatable=false, mobileEmulationEnabled=false, networkConnectionEnabled=false, chrome={chromedriverVersion=2.24.417431 (9aea000394714d2fbb20850021f6204f2256b9cf), userDataDir=C:\Users\admin\AppData\Local\Temp\scoped_dir12644_21792}, takesHeapSnapshot=true, pageLoadStrategy=normal, databaseEnabled=false, handlesAlerts=true, hasTouchScreen=false, version=56.0.2924.87, platform=XP, browserConnectionEnabled=false, nativeEvents=true, acceptSslCerts=true, locationContextEnabled=true, webStorageEnabled=true, browserName=chrome, takesScreenshot=true, javascriptEnabled=true, cssSelectorsEnabled=true}]
Session ID: a2fdd0c0bd3264752e9b4dd5e38736b3
	at org.openqa.selenium.remote.ErrorHandler.createThrowable(ErrorHandler.java:206)
	at org.openqa.selenium.remote.ErrorHandler.throwIfResponseFailed(ErrorHandler.java:158)
	at org.openqa.selenium.remote.RemoteWebDriver.execute(RemoteWebDriver.java:631)
	at org.openqa.selenium.remote.RemoteWebDriver.execute(RemoteWebDriver.java:654)
	at org.openqa.selenium.remote.RemoteWebDriver.close(RemoteWebDriver.java:488)
	at swiftpass.testcase.RunCaseProcessor.postTestProcess(RunCaseProcessor.java:129)
... Removed 27 stack frames]]>
    </failure>
  </testcase> <!-- @AfterTest postTestProcess -->
  <testcase name="runDetail" time="0.015" classname="swiftpass.testcase.runners.MerchantTestCaseRunner">
    <skipped/>
  </testcase> <!-- runDetail -->
  <testcase name="runActivePC" time="0.005" classname="swiftpass.testcase.runners.MerchantTestCaseRunner">
    <skipped/>
  </testcase> <!-- runActivePC -->
  <testcase name="runAAA" time="0.007" classname="swiftpass.testcase.runners.MerchantTestCaseRunner">
    <skipped/>
  </testcase> <!-- runAAA -->
  <testcase name="runAAA" time="0.006" classname="swiftpass.testcase.runners.MerchantTestCaseRunner">
    <skipped/>
  </testcase> <!-- runAAA -->
  <testcase name="runAdd" time="0.009" classname="swiftpass.testcase.runners.MerchantTestCaseRunner">
    <skipped/>
  </testcase> <!-- runAdd -->
  <testcase name="runAdd" time="0.007" classname="swiftpass.testcase.runners.MerchantTestCaseRunner">
    <skipped/>
  </testcase> <!-- runAdd -->
  <testcase name="runSearch" time="0.006" classname="swiftpass.testcase.runners.MerchantTestCaseRunner">
    <skipped/>
  </testcase> <!-- runSearch -->
  <testcase name="runSearch" time="0.005" classname="swiftpass.testcase.runners.MerchantTestCaseRunner">
    <skipped/>
  </testcase> <!-- runSearch -->
  <testcase name="runSearch" time="0.006" classname="swiftpass.testcase.runners.MerchantTestCaseRunner">
    <skipped/>
  </testcase> <!-- runSearch -->
  <testcase name="runEdit" time="0.006" classname="swiftpass.testcase.runners.ChannelTestCaseRunner">
    <skipped/>
  </testcase> <!-- runEdit -->
  <testcase name="runScanDetail" time="0.006" classname="swiftpass.testcase.runners.ChannelTestCaseRunner">
    <skipped/>
  </testcase> <!-- runScanDetail -->
</testsuite> <!-- NonLogin(failed) -->
