<?xml version="1.0" encoding="UTF-8"?>
<testng-results skipped="11" failed="0" total="11" passed="0">
  <reporter-output>
  </reporter-output>
  <suite name="Failed suite [swiftpass]" duration-ms="98367782" started-at="2017-04-18T06:14:25Z" finished-at="2017-04-19T09:33:52Z">
    <groups>
    </groups>
    <test name="NonLogin(failed)" duration-ms="98367782" started-at="2017-04-18T06:14:25Z" finished-at="2017-04-19T09:33:52Z">
      <class name="swiftpass.testcase.runners.MerchantTestCaseRunner">
        <test-method status="PASS" signature="initProcess()[pri:0, instance:swiftpass.testcase.runners.MerchantTestCaseRunner@6c80d78a]" name="initProcess" is-config="true" duration-ms="37" started-at="2017-04-18T14:14:30Z" description="测试用例初始化..." finished-at="2017-04-18T14:14:30Z">
          <reporter-output>
          </reporter-output>
        </test-method> <!-- initProcess -->
        <test-method status="FAIL" signature="refresh()[pri:0, instance:swiftpass.testcase.runners.MerchantTestCaseRunner@6c80d78a]" name="refresh" is-config="true" duration-ms="0" started-at="2017-04-18T14:14:30Z" description="刷新页面......" finished-at="2017-04-18T14:14:30Z">
          <exception class="java.lang.StackOverflowError">
            <full-stacktrace>
              <![CDATA[java.lang.StackOverflowError
	at java.security.AccessController.doPrivileged(Native Method)
	at java.net.URLClassLoader.findClass(URLClassLoader.java:361)
	at java.lang.ClassLoader.loadClass(ClassLoader.java:424)
	at java.lang.ClassLoader.loadClass(ClassLoader.java:411)
	at sun.misc.Launcher$AppClassLoader.loadClass(Launcher.java:331)
	at java.lang.ClassLoader.loadClass(ClassLoader.java:357)
	at org.openqa.selenium.remote.service.DriverCommandExecutor.execute(DriverCommandExecutor.java:84)
	at org.openqa.selenium.remote.RemoteWebDriver.execute(RemoteWebDriver.java:597)
	at org.openqa.selenium.remote.RemoteWebDriver.findElement(RemoteWebDriver.java:369)
	at org.openqa.selenium.remote.RemoteWebDriver.findElementByXPath(RemoteWebDriver.java:474)
	at org.openqa.selenium.By$ByXPath.findElement(By.java:361)
	at org.openqa.selenium.remote.RemoteWebDriver.findElement(RemoteWebDriver.java:361)
	at org.openqa.selenium.support.pagefactory.DefaultElementLocator.findElement(DefaultElementLocator.java:69)
	at org.openqa.selenium.support.pagefactory.internal.LocatingElementHandler.invoke(LocatingElementHandler.java:38)
	at com.sun.proxy.$Proxy28.toString(Unknown Source)
	at java.lang.String.valueOf(String.java:2994)
	at java.lang.StringBuilder.append(StringBuilder.java:131)
	at org.openqa.selenium.support.ui.ExpectedConditions$23.toString(ExpectedConditions.java:697)
	at java.lang.String.valueOf(String.java:2994)
	at java.lang.StringBuilder.append(StringBuilder.java:131)
	at org.openqa.selenium.support.ui.FluentWait.until(FluentWait.java:256)
	at swiftpass.page.Page.clickElement(Page.java:120)
	at swiftpass.page.Page.clickElement(Page.java:123)
	at swiftpass.page.Page.clickElement(Page.java:123)
	at swiftpass.page.Page.clickElement(Page.java:123)
	at swiftpass.page.Page.clickElement(Page.java:123)
	at swiftpass.page.Page.clickElement(Page.java:123)
	at swiftpass.page.Page.clickElement(Page.java:123)
	at swiftpass.page.Page.clickElement(Page.java:123)
	at swiftpass.page.Page.clickElement(Page.java:123)
	at swiftpass.page.Page.clickElement(Page.java:123)
	at swiftpass.page.Page.clickElement(Page.java:123)
	at swiftpass.page.Page.clickElement(Page.java:123)
	at swiftpass.page.Page.clickElement(Page.java:123)
	at swiftpass.page.Page.clickElement(Page.java:123)
	at swiftpass.page.Page.clickElement(Page.java:123)
	at swiftpass.page.Page.clickElement(Page.java:123)
	at swiftpass.page.Page.clickElement(Page.java:123)
	at swiftpass.page.Page.clickElement(Page.java:123)
	at swiftpass.page.Page.clickElement(Page.java:123)
	at swiftpass.page.Page.clickElement(Page.java:123)
	at swiftpass.page.Page.clickElement(Page.java:123)
	at swiftpass.page.Page.clickElement(Page.java:123)
	at swiftpass.page.Page.clickElement(Page.java:123)
	at swiftpass.page.Page.clickElement(Page.java:123)
	at swiftpass.page.Page.clickElement(Page.java:123)
	at swiftpass.page.Page.clickElement(Page.java:123)
	at swiftpass.page.Page.clickElement(Page.java:123)
	at swiftpass.page.Page.clickElement(Page.java:123)
	at swiftpass.page.Page.clickElement(Page.java:123)
	at swiftpass.page.Page.clickElement(Page.java:123)
	at swiftpass.page.Page.clickElement(Page.java:123)
	at swiftpass.page.Page.clickElement(Page.java:123)
	at swiftpass.page.Page.clickElement(Page.java:123)
	at swiftpass.page.Page.clickElement(Page.java:123)
	at swiftpass.page.Page.clickElement(Page.java:123)
	at swiftpass.page.Page.clickElement(Page.java:123)
	at swiftpass.page.Page.clickElement(Page.java:123)
	at swiftpass.page.Page.clickElement(Page.java:123)
	at swiftpass.page.Page.clickElement(Page.java:123)
	at swiftpass.page.Page.clickElement(Page.java:123)
	at swiftpass.page.Page.clickElement(Page.java:123)
	at swiftpass.page.Page.clickElement(Page.java:123)
	at swiftpass.page.Page.clickElement(Page.java:123)
	at swiftpass.page.Page.clickElement(Page.java:123)
	at swiftpass.page.Page.clickElement(Page.java:123)
	at swiftpass.page.Page.clickElement(Page.java:123)
	at swiftpass.page.Page.clickElement(Page.java:123)
	at swiftpass.page.Page.clickElement(Page.java:123)
	at swiftpass.page.Page.clickElement(Page.java:123)
	at swiftpass.page.Page.clickElement(Page.java:123)
	at swiftpass.page.Page.clickElement(Page.java:123)
	at swiftpass.page.Page.clickElement(Page.java:123)
	at swiftpass.page.Page.clickElement(Page.java:123)
	at swiftpass.page.Page.clickElement(Page.java:123)
	at swiftpass.page.Page.clickElement(Page.java:123)
	at swiftpass.page.Page.clickElement(Page.java:123)
	at swiftpass.page.Page.clickElement(Page.java:123)
	at swiftpass.page.Page.clickElement(Page.java:123)
	at swiftpass.page.Page.clickElement(Page.java:123)
	at swiftpass.page.Page.clickElement(Page.java:123)
	at swiftpass.page.Page.clickElement(Page.java:123)
	at swiftpass.page.Page.clickElement(Page.java:123)
	at swiftpass.page.Page.clickElement(Page.java:123)
	at swiftpass.page.Page.clickElement(Page.java:123)
	at swiftpass.page.Page.clickElement(Page.java:123)
	at swiftpass.page.Page.clickElement(Page.java:123)
	at swiftpass.page.Page.clickElement(Page.java:123)
	at swiftpass.page.Page.clickElement(Page.java:123)
	at swiftpass.page.Page.clickElement(Page.java:123)
	at swiftpass.page.Page.clickElement(Page.java:123)
	at swiftpass.page.Page.clickElement(Page.java:123)
	at swiftpass.page.Page.clickElement(Page.java:123)
	at swiftpass.page.Page.clickElement(Page.java:123)
	at swiftpass.page.Page.clickElement(Page.java:123)
	at swiftpass.page.Page.clickElement(Page.java:123)
	at swiftpass.page.Page.clickElement(Page.java:123)
	at swiftpass.page.Page.clickElement(Page.java:123)
	at swiftpass.page.Page.clickElement(Page.java:123)
	at swiftpass.page.Page.clickElement(Page.java:123)
	at swiftpass.page.Page.clickElement(Page.java:123)
	at swiftpass.page.Page.clickElement(Page.java:123)
	at swiftpass.page.Page.clickElement(Page.java:123)
	at swiftpass.page.Page.clickElement(Page.java:123)
	at swiftpass.page.Page.clickElement(Page.java:123)
	at swiftpass.page.Page.clickElement(Page.java:123)
	at swiftpass.page.Page.clickElement(Page.java:123)
	at swiftpass.page.Page.clickElement(Page.java:123)
	at swiftpass.page.Page.clickElement(Page.java:123)
	at swiftpass.page.Page.clickElement(Page.java:123)
	at swiftpass.page.Page.clickElement(Page.java:123)
	at swiftpass.page.Page.clickElement(Page.java:123)
	at swiftpass.page.Page.clickElement(Page.java:123)
	at swiftpass.page.Page.clickElement(Page.java:123)
	at swiftpass.page.Page.clickElement(Page.java:123)
	at swiftpass.page.Page.clickElement(Page.java:123)
	at swiftpass.page.Page.clickElement(Page.java:123)
	at swiftpass.page.Page.clickElement(Page.java:123)
	at swiftpass.page.Page.clickElement(Page.java:123)
	at swiftpass.page.Page.clickElement(Page.java:123)
	at swiftpass.page.Page.clickElement(Page.java:123)
	at swiftpass.page.Page.clickElement(Page.java:123)
	at swiftpass.page.Page.clickElement(Page.java:123)
	at swiftpass.page.Page.clickElement(Page.java:123)
	at swiftpass.page.Page.clickElement(Page.java:123)
	at swiftpass.page.Page.clickElement(Page.java:123)
	at swiftpass.page.Page.clickElement(Page.java:123)
	at swiftpass.page.Page.clickElement(Page.java:123)
	at swiftpass.page.Page.clickElement(Page.java:123)
	at swiftpass.page.Page.clickElement(Page.java:123)
	at swiftpass.page.Page.clickElement(Page.java:123)
	at swiftpass.page.Page.clickElement(Page.java:123)
	at swiftpass.page.Page.clickElement(Page.java:123)
	at swiftpass.page.Page.clickElement(Page.java:123)
	at swiftpass.page.Page.clickElement(Page.java:123)
	at swiftpass.page.Page.clickElement(Page.java:123)
	at swiftpass.page.Page.clickElement(Page.java:123)
	at swiftpass.page.Page.clickElement(Page.java:123)
	at swiftpass.page.Page.clickElement(Page.java:123)
	at swiftpass.page.Page.clickElement(Page.java:123)
	at swiftpass.page.Page.clickElement(Page.java:123)
	at swiftpass.page.Page.clickElement(Page.java:123)
	at swiftpass.page.Page.clickElement(Page.java:123)
	at swiftpass.page.Page.clickElement(Page.java:123)
	at swiftpass.page.Page.clickElement(Page.java:123)
	at swiftpass.page.Page.clickElement(Page.java:123)
	at swiftpass.page.Page.clickElement(Page.java:123)
	at swiftpass.page.Page.clickElement(Page.java:123)
	at swiftpass.page.Page.clickElement(Page.java:123)
	at swiftpass.page.Page.clickElement(Page.java:123)
	at swiftpass.page.Page.clickElement(Page.java:123)
	at swiftpass.page.Page.clickElement(Page.java:123)
	at swiftpass.page.Page.clickElement(Page.java:123)
	at swiftpass.page.Page.clickElement(Page.java:123)
	at swiftpass.page.Page.clickElement(Page.java:123)
	at swiftpass.page.Page.clickElement(Page.java:123)
	at swiftpass.page.Page.clickElement(Page.java:123)
	at swiftpass.page.Page.clickElement(Page.java:123)
	at swiftpass.page.Page.clickElement(Page.java:123)
	at swiftpass.page.Page.clickElement(Page.java:123)
	at swiftpass.page.Page.clickElement(Page.java:123)
	at swiftpass.page.Page.clickElement(Page.java:123)
	at swiftpass.page.Page.clickElement(Page.java:123)
	at swiftpass.page.Page.clickElement(Page.java:123)
	at swiftpass.page.Page.clickElement(Page.java:123)
	at swiftpass.page.Page.clickElement(Page.java:123)
	at swiftpass.page.Page.clickElement(Page.java:123)
	at swiftpass.page.Page.clickElement(Page.java:123)
	at swiftpass.page.Page.clickElement(Page.java:123)
	at swiftpass.page.Page.clickElement(Page.java:123)
	at swiftpass.page.Page.clickElement(Page.java:123)
	at swiftpass.page.Page.clickElement(Page.java:123)
	at swiftpass.page.Page.clickElement(Page.java:123)
	at swiftpass.page.Page.clickElement(Page.java:123)
	at swiftpass.page.Page.clickElement(Page.java:123)
	at swiftpass.page.Page.clickElement(Page.java:123)
	at swiftpass.page.Page.clickElement(Page.java:123)
	at swiftpass.page.Page.clickElement(Page.java:123)
	at swiftpass.page.Page.clickElement(Page.java:123)
	at swiftpass.page.Page.clickElement(Page.java:123)
	at swiftpass.page.Page.clickElement(Page.java:123)
	at swiftpass.page.Page.clickElement(Page.java:123)
	at swiftpass.page.Page.clickElement(Page.java:123)
	at swiftpass.page.Page.clickElement(Page.java:123)
	at swiftpass.page.Page.clickElement(Page.java:123)
	at swiftpass.page.Page.clickElement(Page.java:123)
	at swiftpass.page.Page.clickElement(Page.java:123)
	at swiftpass.page.Page.clickElement(Page.java:123)
	at swiftpass.page.Page.clickElement(Page.java:123)
	at swiftpass.page.Page.clickElement(Page.java:123)
	at swiftpass.page.Page.clickElement(Page.java:123)
	at swiftpass.page.Page.clickElement(Page.java:123)
	at swiftpass.page.Page.clickElement(Page.java:123)
	at swiftpass.page.Page.clickElement(Page.java:123)
	at swiftpass.page.Page.clickElement(Page.java:123)
	at swiftpass.page.Page.clickElement(Page.java:123)
	at swiftpass.page.Page.clickElement(Page.java:123)
	at swiftpass.page.Page.clickElement(Page.java:123)
	at swiftpass.page.Page.clickElement(Page.java:123)
	at swiftpass.page.Page.clickElement(Page.java:123)
	at swiftpass.page.Page.clickElement(Page.java:123)
	at swiftpass.page.Page.clickElement(Page.java:123)
	at swiftpass.page.Page.clickElement(Page.java:123)
	at swiftpass.page.Page.clickElement(Page.java:123)
	at swiftpass.page.Page.clickElement(Page.java:123)
	at swiftpass.page.Page.clickElement(Page.java:123)
	at swiftpass.page.Page.clickElement(Page.java:123)
	at swiftpass.page.Page.clickElement(Page.java:123)
	at swiftpass.page.Page.clickElement(Page.java:123)
	at swiftpass.page.Page.clickElement(Page.java:123)
	at swiftpass.page.Page.clickElement(Page.java:123)
	at swiftpass.page.Page.clickElement(Page.java:123)
	at swiftpass.page.Page.clickElement(Page.java:123)
	at swiftpass.page.Page.clickElement(Page.java:123)
	at swiftpass.page.Page.clickElement(Page.java:123)
	at swiftpass.page.Page.clickElement(Page.java:123)
	at swiftpass.page.Page.clickElement(Page.java:123)
	at swiftpass.page.Page.clickElement(Page.java:123)
	at swiftpass.page.Page.clickElement(Page.java:123)
	at swiftpass.page.Page.clickElement(Page.java:123)
	at swiftpass.page.Page.clickElement(Page.java:123)
	at swiftpass.page.Page.clickElement(Page.java:123)
	at swiftpass.page.Page.clickElement(Page.java:123)
	at swiftpass.page.Page.clickElement(Page.java:123)
	at swiftpass.page.Page.clickElement(Page.java:123)
	at swiftpass.page.Page.clickElement(Page.java:123)
	at swiftpass.page.Page.clickElement(Page.java:123)
	at swiftpass.page.Page.clickElement(Page.java:123)
	at swiftpass.page.Page.clickElement(Page.java:123)
	at swiftpass.page.Page.clickElement(Page.java:123)
	at swiftpass.page.Page.clickElement(Page.java:123)
	at swiftpass.page.Page.clickElement(Page.java:123)
	at swiftpass.page.Page.clickElement(Page.java:123)
	at swiftpass.page.Page.clickElement(Page.java:123)
	at swiftpass.page.Page.clickElement(Page.java:123)
	at swiftpass.page.Page.clickElement(Page.java:123)
	at swiftpass.page.Page.clickElement(Page.java:123)
	at swiftpass.page.Page.clickElement(Page.java:123)
	at swiftpass.page.Page.clickElement(Page.java:123)
	at swiftpass.page.Page.clickElement(Page.java:123)
	at swiftpass.page.Page.clickElement(Page.java:123)
	at swiftpass.page.Page.clickElement(Page.java:123)
	at swiftpass.page.Page.clickElement(Page.java:123)
	at swiftpass.page.Page.clickElement(Page.java:123)
	at swiftpass.page.Page.clickElement(Page.java:123)
	at swiftpass.page.Page.clickElement(Page.java:123)
	at swiftpass.page.Page.clickElement(Page.java:123)
	at swiftpass.page.Page.clickElement(Page.java:123)
	at swiftpass.page.Page.clickElement(Page.java:123)
	at swiftpass.page.Page.clickElement(Page.java:123)
	at swiftpass.page.Page.clickElement(Page.java:123)
	at swiftpass.page.Page.clickElement(Page.java:123)
	at swiftpass.page.Page.clickElement(Page.java:123)
	at swiftpass.page.Page.clickElement(Page.java:123)
	at swiftpass.page.Page.clickElement(Page.java:123)
	at swiftpass.page.Page.clickElement(Page.java:123)
	at swiftpass.page.Page.clickElement(Page.java:123)
	at swiftpass.page.Page.clickElement(Page.java:123)
	at swiftpass.page.Page.clickElement(Page.java:123)
	at swiftpass.page.Page.clickElement(Page.java:123)
	at swiftpass.page.Page.clickElement(Page.java:123)
	at swiftpass.page.Page.clickElement(Page.java:123)
	at swiftpass.page.Page.clickElement(Page.java:123)
	at swiftpass.page.Page.clickElement(Page.java:123)
	at swiftpass.page.Page.clickElement(Page.java:123)
	at swiftpass.page.Page.clickElement(Page.java:123)
	at swiftpass.page.Page.clickElement(Page.java:123)
	at swiftpass.page.Page.clickElement(Page.java:123)
	at swiftpass.page.Page.clickElement(Page.java:123)
	at swiftpass.page.Page.clickElement(Page.java:123)
	at swiftpass.page.Page.clickElement(Page.java:123)
	at swiftpass.page.Page.clickElement(Page.java:123)
	at swiftpass.page.Page.clickElement(Page.java:123)
	at swiftpass.page.Page.clickElement(Page.java:123)
	at swiftpass.page.Page.clickElement(Page.java:123)
	at swiftpass.page.Page.clickElement(Page.java:123)
	at swiftpass.page.Page.clickElement(Page.java:123)
	at swiftpass.page.Page.clickElement(Page.java:123)
	at swiftpass.page.Page.clickElement(Page.java:123)
	at swiftpass.page.Page.clickElement(Page.java:123)
	at swiftpass.page.Page.clickElement(Page.java:123)
	at swiftpass.page.Page.clickElement(Page.java:123)
	at swiftpass.page.Page.clickElement(Page.java:123)
	at swiftpass.page.Page.clickElement(Page.java:123)
	at swiftpass.page.Page.clickElement(Page.java:123)
	at swiftpass.page.Page.clickElement(Page.java:123)
	at swiftpass.page.Page.clickElement(Page.java:123)
	at swiftpass.page.Page.clickElement(Page.java:123)
	at swiftpass.page.Page.clickElement(Page.java:123)
	at swiftpass.page.Page.clickElement(Page.java:123)
	at swiftpass.page.Page.clickElement(Page.java:123)
	at swiftpass.page.Page.clickElement(Page.java:123)
	at swiftpass.page.Page.clickElement(Page.java:123)
	at swiftpass.page.Page.clickElement(Page.java:123)
	at swiftpass.page.Page.clickElement(Page.java:123)
	at swiftpass.page.Page.clickElement(Page.java:123)
	at swiftpass.page.Page.clickElement(Page.java:123)
	at swiftpass.page.Page.clickElement(Page.java:123)
	at swiftpass.page.Page.clickElement(Page.java:123)
	at swiftpass.page.Page.clickElement(Page.java:123)
	at swiftpass.page.Page.clickElement(Page.java:123)
	at swiftpass.page.Page.clickElement(Page.java:123)
	at swiftpass.page.Page.clickElement(Page.java:123)
	at swiftpass.page.Page.clickElement(Page.java:123)
	at swiftpass.page.Page.clickElement(Page.java:123)
	at swiftpass.page.Page.clickElement(Page.java:123)
	at swiftpass.page.Page.clickElement(Page.java:123)
	at swiftpass.page.Page.clickElement(Page.java:123)
	at swiftpass.page.Page.clickElement(Page.java:123)
	at swiftpass.page.Page.clickElement(Page.java:123)
	at swiftpass.page.Page.clickElement(Page.java:123)
	at swiftpass.page.Page.clickElement(Page.java:123)
	at swiftpass.page.Page.clickElement(Page.java:123)
	at swiftpass.page.Page.clickElement(Page.java:123)
	at swiftpass.page.Page.clickElement(Page.java:123)
	at swiftpass.page.Page.clickElement(Page.java:123)
	at swiftpass.page.Page.clickElement(Page.java:123)
	at swiftpass.page.Page.clickElement(Page.java:123)
	at swiftpass.page.Page.clickElement(Page.java:123)
	at swiftpass.page.Page.clickElement(Page.java:123)
	at swiftpass.page.Page.clickElement(Page.java:123)
	at swiftpass.page.Page.clickElement(Page.java:123)
	at swiftpass.page.Page.clickElement(Page.java:123)
	at swiftpass.page.Page.clickElement(Page.java:123)
	at swiftpass.page.Page.clickElement(Page.java:123)
	at swiftpass.page.Page.clickElement(Page.java:123)
	at swiftpass.page.Page.clickElement(Page.java:123)
	at swiftpass.page.Page.clickElement(Page.java:123)
	at swiftpass.page.Page.clickElement(Page.java:123)
	at swiftpass.page.Page.clickElement(Page.java:123)
	at swiftpass.page.Page.clickElement(Page.java:123)
	at swiftpass.page.Page.clickElement(Page.java:123)
	at swiftpass.page.Page.clickElement(Page.java:123)
	at swiftpass.page.Page.clickElement(Page.java:123)
	at swiftpass.page.Page.clickElement(Page.java:123)
	at swiftpass.page.Page.clickElement(Page.java:123)
	at swiftpass.page.Page.clickElement(Page.java:123)
	at swiftpass.page.Page.clickElement(Page.java:123)
	at swiftpass.page.Page.clickElement(Page.java:123)
	at swiftpass.page.Page.clickElement(Page.java:123)
	at swiftpass.page.Page.clickElement(Page.java:123)
	at swiftpass.page.Page.clickElement(Page.java:123)
	at swiftpass.page.Page.clickElement(Page.java:123)
	at swiftpass.page.Page.clickElement(Page.java:123)
	at swiftpass.page.Page.clickElement(Page.java:123)
	at swiftpass.page.Page.clickElement(Page.java:123)
	at swiftpass.page.Page.clickElement(Page.java:123)
	at swiftpass.page.Page.clickElement(Page.java:123)
	at swiftpass.page.Page.clickElement(Page.java:123)
	at swiftpass.page.Page.clickElement(Page.java:123)
	at swiftpass.page.Page.clickElement(Page.java:123)
	at swiftpass.page.Page.clickElement(Page.java:123)
	at swiftpass.page.Page.clickElement(Page.java:123)
	at swiftpass.page.Page.clickElement(Page.java:123)
	at swiftpass.page.Page.clickElement(Page.java:123)
	at swiftpass.page.Page.clickElement(Page.java:123)
	at swiftpass.page.Page.clickElement(Page.java:123)
	at swiftpass.page.Page.clickElement(Page.java:123)
	at swiftpass.page.Page.clickElement(Page.java:123)
	at swiftpass.page.Page.clickElement(Page.java:123)
	at swiftpass.page.Page.clickElement(Page.java:123)
	at swiftpass.page.Page.clickElement(Page.java:123)
	at swiftpass.page.Page.clickElement(Page.java:123)
	at swiftpass.page.Page.clickElement(Page.java:123)
	at swiftpass.page.Page.clickElement(Page.java:123)
	at swiftpass.page.Page.clickElement(Page.java:123)
	at swiftpass.page.Page.clickElement(Page.java:123)
	at swiftpass.page.Page.clickElement(Page.java:123)
	at swiftpass.page.Page.clickElement(Page.java:123)
	at swiftpass.page.Page.clickElement(Page.java:123)
	at swiftpass.page.Page.clickElement(Page.java:123)
	at swiftpass.page.Page.clickElement(Page.java:123)
	at swiftpass.page.Page.clickElement(Page.java:123)
	at swiftpass.page.Page.clickElement(Page.java:123)
	at swiftpass.page.Page.clickElement(Page.java:123)
	at swiftpass.page.Page.clickElement(Page.java:123)
	at swiftpass.page.Page.clickElement(Page.java:123)
	at swiftpass.page.Page.clickElement(Page.java:123)
	at swiftpass.page.Page.clickElement(Page.java:123)
	at swiftpass.page.Page.clickElement(Page.java:123)
	at swiftpass.page.Page.clickElement(Page.java:123)
	at swiftpass.page.Page.clickElement(Page.java:123)
	at swiftpass.page.Page.clickElement(Page.java:123)
	at swiftpass.page.Page.clickElement(Page.java:123)
	at swiftpass.page.Page.clickElement(Page.java:123)
	at swiftpass.page.Page.clickElement(Page.java:123)
	at swiftpass.page.Page.clickElement(Page.java:123)
	at swiftpass.page.Page.clickElement(Page.java:123)
	at swiftpass.page.Page.clickElement(Page.java:123)
	at swiftpass.page.Page.clickElement(Page.java:123)
	at swiftpass.page.Page.clickElement(Page.java:123)
	at swiftpass.page.Page.clickElement(Page.java:123)
	at swiftpass.page.Page.clickElement(Page.java:123)
	at swiftpass.page.Page.clickElement(Page.java:123)
	at swiftpass.page.Page.clickElement(Page.java:123)
	at swiftpass.page.Page.clickElement(Page.java:123)
	at swiftpass.page.Page.clickElement(Page.java:123)
	at swiftpass.page.Page.clickElement(Page.java:123)
	at swiftpass.page.Page.clickElement(Page.java:123)
	at swiftpass.page.Page.clickElement(Page.java:123)
	at swiftpass.page.Page.clickElement(Page.java:123)
	at swiftpass.page.Page.clickElement(Page.java:123)
	at swiftpass.page.Page.clickElement(Page.java:123)
	at swiftpass.page.Page.clickElement(Page.java:123)
	at swiftpass.page.Page.clickElement(Page.java:123)
	at swiftpass.page.Page.clickElement(Page.java:123)
	at swiftpass.page.Page.clickElement(Page.java:123)
	at swiftpass.page.Page.clickElement(Page.java:123)
	at swiftpass.page.Page.clickElement(Page.java:123)
	at swiftpass.page.Page.clickElement(Page.java:123)
	at swiftpass.page.Page.clickElement(Page.java:123)
	at swiftpass.page.Page.clickElement(Page.java:123)
	at swiftpass.page.Page.clickElement(Page.java:123)
	at swiftpass.page.Page.clickElement(Page.java:123)
	at swiftpass.page.Page.clickElement(Page.java:123)
	at swiftpass.page.Page.clickElement(Page.java:123)
	at swiftpass.page.Page.clickElement(Page.java:123)
	at swiftpass.page.Page.clickElement(Page.java:123)
	at swiftpass.page.Page.clickElement(Page.java:123)
	at swiftpass.page.Page.clickElement(Page.java:123)
	at swiftpass.page.Page.clickElement(Page.java:123)
	at swiftpass.page.Page.clickElement(Page.java:123)
	at swiftpass.page.Page.clickElement(Page.java:123)
	at swiftpass.page.Page.clickElement(Page.java:123)
	at swiftpass.page.Page.clickElement(Page.java:123)
	at swiftpass.page.Page.clickElement(Page.java:123)
	at swiftpass.page.Page.clickElement(Page.java:123)
	at swiftpass.page.Page.clickElement(Page.java:123)
	at swiftpass.page.Page.clickElement(Page.java:123)
	at swiftpass.page.Page.clickElement(Page.java:123)
	at swiftpass.page.Page.clickElement(Page.java:123)
	at swiftpass.page.Page.clickElement(Page.java:123)
	at swiftpass.page.Page.clickElement(Page.java:123)
	at swiftpass.page.Page.clickElement(Page.java:123)
	at swiftpass.page.Page.clickElement(Page.java:123)
	at swiftpass.page.Page.clickElement(Page.java:123)
	at swiftpass.page.Page.clickElement(Page.java:123)
	at swiftpass.page.Page.clickElement(Page.java:123)
	at swiftpass.page.Page.clickElement(Page.java:123)
	at swiftpass.page.Page.clickElement(Page.java:123)
	at swiftpass.page.Page.clickElement(Page.java:123)
	at swiftpass.page.Page.clickElement(Page.java:123)
	at swiftpass.page.Page.clickElement(Page.java:123)
	at swiftpass.page.Page.clickElement(Page.java:123)
	at swiftpass.page.Page.clickElement(Page.java:123)
	at swiftpass.page.Page.clickElement(Page.java:123)
	at swiftpass.page.Page.clickElement(Page.java:123)
	at swiftpass.page.Page.clickElement(Page.java:123)
	at swiftpass.page.Page.clickElement(Page.java:123)
	at swiftpass.page.Page.clickElement(Page.java:123)
	at swiftpass.page.Page.clickElement(Page.java:123)
	at swiftpass.page.Page.clickElement(Page.java:123)
	at swiftpass.page.Page.clickElement(Page.java:123)
	at swiftpass.page.Page.clickElement(Page.java:123)
	at swiftpass.page.Page.clickElement(Page.java:123)
	at swiftpass.page.Page.clickElement(Page.java:123)
	at swiftpass.page.Page.clickElement(Page.java:123)
	at swiftpass.page.Page.clickElement(Page.java:123)
	at swiftpass.page.Page.clickElement(Page.java:123)
	at swiftpass.page.Page.clickElement(Page.java:123)
	at swiftpass.page.Page.clickElement(Page.java:123)
	at swiftpass.page.Page.clickElement(Page.java:123)
	at swiftpass.page.Page.clickElement(Page.java:123)
	at swiftpass.page.Page.clickElement(Page.java:123)
	at swiftpass.page.Page.clickElement(Page.java:123)
	at swiftpass.page.Page.clickElement(Page.java:123)
	at swiftpass.page.Page.clickElement(Page.java:123)
	at swiftpass.page.Page.clickElement(Page.java:123)
	at swiftpass.page.Page.clickElement(Page.java:123)
	at swiftpass.page.Page.clickElement(Page.java:123)
	at swiftpass.page.Page.clickElement(Page.java:123)
	at swiftpass.page.Page.clickElement(Page.java:123)
	at swiftpass.page.Page.clickElement(Page.java:123)
	at swiftpass.page.Page.clickElement(Page.java:123)
	at swiftpass.page.Page.clickElement(Page.java:123)
	at swiftpass.page.Page.clickElement(Page.java:123)
	at swiftpass.page.Page.clickElement(Page.java:123)
	at swiftpass.page.Page.clickElement(Page.java:123)
	at swiftpass.page.Page.clickElement(Page.java:123)
	at swiftpass.page.Page.clickElement(Page.java:123)
	at swiftpass.page.Page.clickElement(Page.java:123)
	at swiftpass.page.Page.clickElement(Page.java:123)
	at swiftpass.page.Page.clickElement(Page.java:123)
	at swiftpass.page.Page.clickElement(Page.java:123)
	at swiftpass.page.Page.clickElement(Page.java:123)
	at swiftpass.page.Page.clickElement(Page.java:123)
	at swiftpass.page.Page.clickElement(Page.java:123)
	at swiftpass.page.Page.clickElement(Page.java:123)
	at swiftpass.page.Page.clickElement(Page.java:123)
	at swiftpass.page.Page.clickElement(Page.java:123)
	at swiftpass.page.Page.clickElement(Page.java:123)
	at swiftpass.page.Page.clickElement(Page.java:123)
	at swiftpass.page.Page.clickElement(Page.java:123)
	at swiftpass.page.Page.clickElement(Page.java:123)
	at swiftpass.page.Page.clickElement(Page.java:123)
	at swiftpass.page.Page.clickElement(Page.java:123)
	at swiftpass.page.Page.clickElement(Page.java:123)
	at swiftpass.page.Page.clickElement(Page.java:123)
	at swiftpass.page.Page.clickElement(Page.java:123)
	at swiftpass.page.Page.clickElement(Page.java:123)
	at swiftpass.page.Page.clickElement(Page.java:123)
	at swiftpass.page.Page.clickElement(Page.java:123)
	at swiftpass.page.Page.clickElement(Page.java:123)
	at swiftpass.page.Page.clickElement(Page.java:123)
	at swiftpass.page.Page.clickElement(Page.java:123)
	at swiftpass.page.Page.clickElement(Page.java:123)
	at swiftpass.page.Page.clickElement(Page.java:123)
	at swiftpass.page.Page.clickElement(Page.java:123)
	at swiftpass.page.Page.clickElement(Page.java:123)
	at swiftpass.page.Page.clickElement(Page.java:123)
	at swiftpass.page.Page.clickElement(Page.java:123)
	at swiftpass.page.Page.clickElement(Page.java:123)
	at swiftpass.page.Page.clickElement(Page.java:123)
	at swiftpass.page.Page.clickElement(Page.java:123)
	at swiftpass.page.Page.clickElement(Page.java:123)
	at swiftpass.page.Page.clickElement(Page.java:123)
	at swiftpass.page.Page.clickElement(Page.java:123)
	at swiftpass.page.Page.clickElement(Page.java:123)
	at swiftpass.page.Page.clickElement(Page.java:123)
	at swiftpass.page.Page.clickElement(Page.java:123)
	at swiftpass.page.Page.clickElement(Page.java:123)
	at swiftpass.page.Page.clickElement(Page.java:123)
	at swiftpass.page.Page.clickElement(Page.java:123)
	at swiftpass.page.Page.clickElement(Page.java:123)
	at swiftpass.page.Page.clickElement(Page.java:123)
	at swiftpass.page.Page.clickElement(Page.java:123)
	at swiftpass.page.Page.clickElement(Page.java:123)
	at swiftpass.page.Page.clickElement(Page.java:123)
	at swiftpass.page.Page.clickElement(Page.java:123)
	at swiftpass.page.Page.clickElement(Page.java:123)
	at swiftpass.page.Page.clickElement(Page.java:123)
	at swiftpass.page.Page.clickElement(Page.java:123)
	at swiftpass.page.Page.clickElement(Page.java:123)
	at swiftpass.page.Page.clickElement(Page.java:123)
	at swiftpass.page.Page.clickElement(Page.java:123)
	at swiftpass.page.Page.clickElement(Page.java:123)
	at swiftpass.page.Page.clickElement(Page.java:123)
	at swiftpass.page.Page.clickElement(Page.java:123)
	at swiftpass.page.Page.clickElement(Page.java:123)
	at swiftpass.page.Page.clickElement(Page.java:123)
	at swiftpass.page.Page.clickElement(Page.java:123)
	at swiftpass.page.Page.clickElement(Page.java:123)
	at swiftpass.page.Page.clickElement(Page.java:123)
	at swiftpass.page.Page.clickElement(Page.java:123)
	at swiftpass.page.Page.clickElement(Page.java:123)
	at swiftpass.page.Page.clickElement(Page.java:123)
	at swiftpass.page.Page.clickElement(Page.java:123)
	at swiftpass.page.Page.clickElement(Page.java:123)
	at swiftpass.page.Page.clickElement(Page.java:123)
	at swiftpass.page.Page.clickElement(Page.java:123)
	at swiftpass.page.Page.clickElement(Page.java:123)
	at swiftpass.page.Page.clickElement(Page.java:123)
	at swiftpass.page.Page.clickElement(Page.java:123)
	at swiftpass.page.Page.clickElement(Page.java:123)
	at swiftpass.page.Page.clickElement(Page.java:123)
	at swiftpass.page.Page.clickElement(Page.java:123)
	at swiftpass.page.Page.clickElement(Page.java:123)
	at swiftpass.page.Page.clickElement(Page.java:123)
	at swiftpass.page.Page.clickElement(Page.java:123)
	at swiftpass.page.Page.clickElement(Page.java:123)
	at swiftpass.page.Page.clickElement(Page.java:123)
	at swiftpass.page.Page.clickElement(Page.java:123)
	at swiftpass.page.Page.clickElement(Page.java:123)
	at swiftpass.page.Page.clickElement(Page.java:123)
	at swiftpass.page.Page.clickElement(Page.java:123)
	at swiftpass.page.Page.clickElement(Page.java:123)
	at swiftpass.page.Page.clickElement(Page.java:123)
	at swiftpass.page.Page.clickElement(Page.java:123)
	at swiftpass.page.Page.clickElement(Page.java:123)
	at swiftpass.page.Page.clickElement(Page.java:123)
	at swiftpass.page.Page.clickElement(Page.java:123)
	at swiftpass.page.Page.clickElement(Page.java:123)
	at swiftpass.page.Page.clickElement(Page.java:123)
	at swiftpass.page.Page.clickElement(Page.java:123)
	at swiftpass.page.Page.clickElement(Page.java:123)
	at swiftpass.page.Page.clickElement(Page.java:123)
	at swiftpass.page.Page.clickElement(Page.java:123)
	at swiftpass.page.Page.clickElement(Page.java:123)
	at swiftpass.page.Page.clickElement(Page.java:123)
	at swiftpass.page.Page.clickElement(Page.java:123)
	at swiftpass.page.Page.clickElement(Page.java:123)
	at swiftpass.page.Page.clickElement(Page.java:123)
	at swiftpass.page.Page.clickElement(Page.java:123)
	at swiftpass.page.Page.clickElement(Page.java:123)
	at swiftpass.page.Page.clickElement(Page.java:123)
	at swiftpass.page.Page.clickElement(Page.java:123)
	at swiftpass.page.Page.clickElement(Page.java:123)
	at swiftpass.page.Page.clickElement(Page.java:123)
	at swiftpass.page.Page.clickElement(Page.java:123)
	at swiftpass.page.Page.clickElement(Page.java:123)
	at swiftpass.page.Page.clickElement(Page.java:123)
	at swiftpass.page.Page.clickElement(Page.java:123)
	at swiftpass.page.Page.clickElement(Page.java:123)
	at swiftpass.page.Page.clickElement(Page.java:123)
	at swiftpass.page.Page.clickElement(Page.java:123)
	at swiftpass.page.Page.clickElement(Page.java:123)
	at swiftpass.page.Page.clickElement(Page.java:123)
	at swiftpass.page.Page.clickElement(Page.java:123)
	at swiftpass.page.Page.clickElement(Page.java:123)
	at swiftpass.page.Page.clickElement(Page.java:123)
	at swiftpass.page.Page.clickElement(Page.java:123)
	at swiftpass.page.Page.clickElement(Page.java:123)
	at swiftpass.page.Page.clickElement(Page.java:123)
	at swiftpass.page.Page.clickElement(Page.java:123)
	at swiftpass.page.Page.clickElement(Page.java:123)
	at swiftpass.page.Page.clickElement(Page.java:123)
	at swiftpass.page.Page.clickElement(Page.java:123)
	at swiftpass.page.Page.clickElement(Page.java:123)
	at swiftpass.page.Page.clickElement(Page.java:123)
	at swiftpass.page.Page.clickElement(Page.java:123)
	at swiftpass.page.Page.clickElement(Page.java:123)
	at swiftpass.page.Page.clickElement(Page.java:123)
	at swiftpass.page.Page.clickElement(Page.java:123)
	at swiftpass.page.Page.clickElement(Page.java:123)
	at swiftpass.page.Page.clickElement(Page.java:123)
	at swiftpass.page.Page.clickElement(Page.java:123)
	at swiftpass.page.Page.clickElement(Page.java:123)
	at swiftpass.page.Page.clickElement(Page.java:123)
	at swiftpass.page.Page.clickElement(Page.java:123)
	at swiftpass.page.Page.clickElement(Page.java:123)
	at swiftpass.page.Page.clickElement(Page.java:123)
	at swiftpass.page.Page.clickElement(Page.java:123)
	at swiftpass.page.Page.clickElement(Page.java:123)
	at swiftpass.page.Page.clickElement(Page.java:123)
	at swiftpass.page.Page.clickElement(Page.java:123)
	at swiftpass.page.Page.clickElement(Page.java:123)
	at swiftpass.page.Page.clickElement(Page.java:123)
	at swiftpass.page.Page.clickElement(Page.java:123)
	at swiftpass.page.Page.clickElement(Page.java:123)
	at swiftpass.page.Page.clickElement(Page.java:123)
	at swiftpass.page.Page.clickElement(Page.java:123)
	at swiftpass.page.Page.clickElement(Page.java:123)
	at swiftpass.page.Page.clickElement(Page.java:123)
	at swiftpass.page.Page.clickElement(Page.java:123)
	at swiftpass.page.Page.clickElement(Page.java:123)
	at swiftpass.page.Page.clickElement(Page.java:123)
	at swiftpass.page.Page.clickElement(Page.java:123)
	at swiftpass.page.Page.clickElement(Page.java:123)
	at swiftpass.page.Page.clickElement(Page.java:123)
	at swiftpass.page.Page.clickElement(Page.java:123)
	at swiftpass.page.Page.clickElement(Page.java:123)
	at swiftpass.page.Page.clickElement(Page.java:123)
	at swiftpass.page.Page.clickElement(Page.java:123)
	at swiftpass.page.Page.clickElement(Page.java:123)
	at swiftpass.page.Page.clickElement(Page.java:123)
	at swiftpass.page.Page.clickElement(Page.java:123)
	at swiftpass.page.Page.clickElement(Page.java:123)
	at swiftpass.page.Page.clickElement(Page.java:123)
	at swiftpass.page.Page.clickElement(Page.java:123)
	at swiftpass.page.Page.clickElement(Page.java:123)
	at swiftpass.page.Page.clickElement(Page.java:123)
	at swiftpass.page.Page.clickElement(Page.java:123)
	at swiftpass.page.Page.clickElement(Page.java:123)
	at swiftpass.page.Page.clickElement(Page.java:123)
	at swiftpass.page.Page.clickElement(Page.java:123)
	at swiftpass.page.Page.clickElement(Page.java:123)
	at swiftpass.page.Page.clickElement(Page.java:123)
	at swiftpass.page.Page.clickElement(Page.java:123)
	at swiftpass.page.Page.clickElement(Page.java:123)
	at swiftpass.page.Page.clickElement(Page.java:123)
	at swiftpass.page.Page.clickElement(Page.java:123)
	at swiftpass.page.Page.clickElement(Page.java:123)
	at swiftpass.page.Page.clickElement(Page.java:123)
	at swiftpass.page.Page.clickElement(Page.java:123)
	at swiftpass.page.Page.clickElement(Page.java:123)
	at swiftpass.page.Page.clickElement(Page.java:123)
	at swiftpass.page.Page.clickElement(Page.java:123)
	at swiftpass.page.Page.clickElement(Page.java:123)
	at swiftpass.page.Page.clickElement(Page.java:123)
	at swiftpass.page.Page.clickElement(Page.java:123)
	at swiftpass.page.Page.clickElement(Page.java:123)
	at swiftpass.page.Page.clickElement(Page.java:123)
	at swiftpass.page.Page.clickElement(Page.java:123)
	at swiftpass.page.Page.clickElement(Page.java:123)
	at swiftpass.page.Page.clickElement(Page.java:123)
	at swiftpass.page.Page.clickElement(Page.java:123)
	at swiftpass.page.Page.clickElement(Page.java:123)
	at swiftpass.page.Page.clickElement(Page.java:123)
	at swiftpass.page.Page.clickElement(Page.java:123)
	at swiftpass.page.Page.clickElement(Page.java:123)
	at swiftpass.page.Page.clickElement(Page.java:123)
	at swiftpass.page.Page.clickElement(Page.java:123)
	at swiftpass.page.Page.clickElement(Page.java:123)
	at swiftpass.page.Page.clickElement(Page.java:123)
	at swiftpass.page.Page.clickElement(Page.java:123)
	at swiftpass.page.Page.clickElement(Page.java:123)
	at swiftpass.page.Page.clickElement(Page.java:123)
	at swiftpass.page.Page.clickElement(Page.java:123)
	at swiftpass.page.Page.clickElement(Page.java:123)
	at swiftpass.page.Page.clickElement(Page.java:123)
	at swiftpass.page.Page.clickElement(Page.java:123)
	at swiftpass.page.Page.clickElement(Page.java:123)
	at swiftpass.page.Page.clickElement(Page.java:123)
	at swiftpass.page.Page.clickElement(Page.java:123)
	at swiftpass.page.Page.clickElement(Page.java:123)
	at swiftpass.page.Page.clickElement(Page.java:123)
	at swiftpass.page.Page.clickElement(Page.java:123)
	at swiftpass.page.Page.clickElement(Page.java:123)
	at swiftpass.page.Page.clickElement(Page.java:123)
	at swiftpass.page.Page.clickElement(Page.java:123)
	at swiftpass.page.Page.clickElement(Page.java:123)
	at swiftpass.page.Page.clickElement(Page.java:123)
	at swiftpass.page.Page.clickElement(Page.java:123)
	at swiftpass.page.Page.clickElement(Page.java:123)
	at swiftpass.page.Page.clickElement(Page.java:123)
	at swiftpass.page.Page.clickElement(Page.java:123)
	at swiftpass.page.Page.clickElement(Page.java:123)
	at swiftpass.page.Page.clickElement(Page.java:123)
	at swiftpass.page.Page.clickElement(Page.java:123)
	at swiftpass.page.Page.clickElement(Page.java:123)
	at swiftpass.page.Page.clickElement(Page.java:123)
	at swiftpass.page.Page.clickElement(Page.java:123)
	at swiftpass.page.Page.clickElement(Page.java:123)
	at swiftpass.page.Page.clickElement(Page.java:123)
	at swiftpass.page.Page.clickElement(Page.java:123)
	at swiftpass.page.Page.clickElement(Page.java:123)
	at swiftpass.page.Page.clickElement(Page.java:123)
	at swiftpass.page.Page.clickElement(Page.java:123)
	at swiftpass.page.Page.clickElement(Page.java:123)
	at swiftpass.page.Page.clickElement(Page.java:123)
	at swiftpass.page.Page.clickElement(Page.java:123)
	at swiftpass.page.Page.clickElement(Page.java:123)
	at swiftpass.page.Page.clickElement(Page.java:123)
	at swiftpass.page.Page.clickElement(Page.java:123)
	at swiftpass.page.Page.clickElement(Page.java:123)
	at swiftpass.page.Page.clickElement(Page.java:123)
	at swiftpass.page.Page.clickElement(Page.java:123)
	at swiftpass.page.Page.clickElement(Page.java:123)
	at swiftpass.page.Page.clickElement(Page.java:123)
	at swiftpass.page.Page.clickElement(Page.java:123)
	at swiftpass.page.Page.clickElement(Page.java:123)
	at swiftpass.page.Page.clickElement(Page.java:123)
	at swiftpass.page.Page.clickElement(Page.java:123)
	at swiftpass.page.Page.clickElement(Page.java:123)
	at swiftpass.page.Page.clickElement(Page.java:123)
	at swiftpass.page.Page.clickElement(Page.java:123)
	at swiftpass.page.Page.clickElement(Page.java:123)
	at swiftpass.page.Page.clickElement(Page.java:123)
	at swiftpass.page.Page.clickElement(Page.java:123)
	at swiftpass.page.Page.clickElement(Page.java:123)
	at swiftpass.page.Page.clickElement(Page.java:123)
	at swiftpass.page.Page.clickElement(Page.java:123)
	at swiftpass.page.Page.clickElement(Page.java:123)
	at swiftpass.page.Page.clickElement(Page.java:123)
	at swiftpass.page.Page.clickElement(Page.java:123)
	at swiftpass.page.Page.clickElement(Page.java:123)
	at swiftpass.page.Page.clickElement(Page.java:123)
	at swiftpass.page.Page.clickElement(Page.java:123)
	at swiftpass.page.Page.clickElement(Page.java:123)
	at swiftpass.page.Page.clickElement(Page.java:123)
	at swiftpass.page.Page.clickElement(Page.java:123)
	at swiftpass.page.Page.clickElement(Page.java:123)
	at swiftpass.page.Page.clickElement(Page.java:123)
	at swiftpass.page.Page.clickElement(Page.java:123)
	at swiftpass.page.Page.clickElement(Page.java:123)
	at swiftpass.page.Page.clickElement(Page.java:123)
	at swiftpass.page.Page.clickElement(Page.java:123)
	at swiftpass.page.Page.clickElement(Page.java:123)
	at swiftpass.page.Page.clickElement(Page.java:123)
	at swiftpass.page.Page.clickElement(Page.java:123)
	at swiftpass.page.Page.clickElement(Page.java:123)
	at swiftpass.page.Page.clickElement(Page.java:123)
	at swiftpass.page.Page.clickElement(Page.java:123)
	at swiftpass.page.Page.clickElement(Page.java:123)
	at swiftpass.page.Page.clickElement(Page.java:123)
	at swiftpass.page.Page.clickElement(Page.java:123)
	at swiftpass.page.Page.clickElement(Page.java:123)
	at swiftpass.page.Page.clickElement(Page.java:123)
	at swiftpass.page.Page.clickElement(Page.java:123)
	at swiftpass.page.Page.clickElement(Page.java:123)
	at swiftpass.page.Page.clickElement(Page.java:123)
	at swiftpass.page.Page.clickElement(Page.java:123)
	at swiftpass.page.Page.clickElement(Page.java:123)
	at swiftpass.page.Page.clickElement(Page.java:123)
	at swiftpass.page.Page.clickElement(Page.java:123)
	at swiftpass.page.Page.clickElement(Page.java:123)
	at swiftpass.page.Page.clickElement(Page.java:123)
	at swiftpass.page.Page.clickElement(Page.java:123)
	at swiftpass.page.Page.clickElement(Page.java:123)
	at swiftpass.page.Page.clickElement(Page.java:123)
	at swiftpass.page.Page.clickElement(Page.java:123)
	at swiftpass.page.Page.clickElement(Page.java:123)
	at swiftpass.page.Page.clickElement(Page.java:123)
	at swiftpass.page.Page.clickElement(Page.java:123)
	at swiftpass.page.Page.clickElement(Page.java:123)
	at swiftpass.page.Page.clickElement(Page.java:123)
	at swiftpass.page.Page.clickElement(Page.java:123)
	at swiftpass.page.Page.clickElement(Page.java:123)
	at swiftpass.page.Page.clickElement(Page.java:123)
	at swiftpass.page.Page.clickElement(Page.java:123)
	at swiftpass.page.Page.clickElement(Page.java:123)
	at swiftpass.page.Page.clickElement(Page.java:123)
	at swiftpass.page.Page.clickElement(Page.java:123)
	at swiftpass.page.Page.clickElement(Page.java:123)
	at swiftpass.page.Page.clickElement(Page.java:123)
	at swiftpass.page.Page.clickElement(Page.java:123)
	at swiftpass.page.Page.clickElement(Page.java:123)
	at swiftpass.page.Page.clickElement(Page.java:123)
	at swiftpass.page.Page.clickElement(Page.java:123)
	at swiftpass.page.Page.clickElement(Page.java:123)
	at swiftpass.page.Page.clickElement(Page.java:123)
	at swiftpass.page.Page.clickElement(Page.java:123)
	at swiftpass.page.Page.clickElement(Page.java:123)
	at swiftpass.page.Page.clickElement(Page.java:123)
	at swiftpass.page.Page.clickElement(Page.java:123)
	at swiftpass.page.Page.clickElement(Page.java:123)
	at swiftpass.page.Page.clickElement(Page.java:123)
	at swiftpass.page.Page.clickElement(Page.java:123)
	at swiftpass.page.Page.clickElement(Page.java:123)
	at swiftpass.page.Page.clickElement(Page.java:123)
	at swiftpass.page.Page.clickElement(Page.java:123)
	at swiftpass.page.Page.clickElement(Page.java:123)
	at swiftpass.page.Page.clickElement(Page.java:123)
	at swiftpass.page.Page.clickElement(Page.java:123)
	at swiftpass.page.Page.clickElement(Page.java:123)
	at swiftpass.page.Page.clickElement(Page.java:123)
	at swiftpass.page.Page.clickElement(Page.java:123)
	at swiftpass.page.Page.clickElement(Page.java:123)
	at swiftpass.page.Page.clickElement(Page.java:123)
	at swiftpass.page.Page.clickElement(Page.java:123)
	at swiftpass.page.Page.clickElement(Page.java:123)
	at swiftpass.page.Page.clickElement(Page.java:123)
	at swiftpass.page.Page.clickElement(Page.java:123)
	at swiftpass.page.Page.clickElement(Page.java:123)
	at swiftpass.page.Page.clickElement(Page.java:123)
	at swiftpass.page.Page.clickElement(Page.java:123)
	at swiftpass.page.Page.clickElement(Page.java:123)
	at swiftpass.page.Page.clickElement(Page.java:123)
	at swiftpass.page.Page.clickElement(Page.java:123)
	at swiftpass.page.Page.clickElement(Page.java:123)
	at swiftpass.page.Page.clickElement(Page.java:123)
	at swiftpass.page.Page.clickElement(Page.java:123)
	at swiftpass.page.Page.clickElement(Page.java:123)
	at swiftpass.page.Page.clickElement(Page.java:123)
	at swiftpass.page.Page.clickElement(Page.java:123)
	at swiftpass.page.Page.clickElement(Page.java:123)
	at swiftpass.page.Page.clickElement(Page.java:123)
	at swiftpass.page.Page.clickElement(Page.java:123)
	at swiftpass.page.Page.clickElement(Page.java:123)
	at swiftpass.page.Page.clickElement(Page.java:123)
	at swiftpass.page.Page.clickElement(Page.java:123)
	at swiftpass.page.Page.clickElement(Page.java:123)
	at swiftpass.page.Page.clickElement(Page.java:123)
	at swiftpass.page.Page.clickElement(Page.java:123)
	at swiftpass.page.Page.clickElement(Page.java:123)
	at swiftpass.page.Page.clickElement(Page.java:123)
	at swiftpass.page.Page.clickElement(Page.java:123)
	at swiftpass.page.Page.clickElement(Page.java:123)
	at swiftpass.page.Page.clickElement(Page.java:123)
	at swiftpass.page.Page.clickElement(Page.java:123)
	at swiftpass.page.Page.clickElement(Page.java:123)
	at swiftpass.page.Page.clickElement(Page.java:123)
	at swiftpass.page.Page.clickElement(Page.java:123)
	at swiftpass.page.Page.clickElement(Page.java:123)
	at swiftpass.page.Page.clickElement(Page.java:123)
	at swiftpass.page.Page.clickElement(Page.java:123)
	at swiftpass.page.Page.clickElement(Page.java:123)
	at swiftpass.page.Page.clickElement(Page.java:123)
	at swiftpass.page.Page.clickElement(Page.java:123)
	at swiftpass.page.Page.clickElement(Page.java:123)
	at swiftpass.page.Page.clickElement(Page.java:123)
	at swiftpass.page.Page.clickElement(Page.java:123)
	at swiftpass.page.Page.clickElement(Page.java:123)
	at swiftpass.page.Page.clickElement(Page.java:123)
	at swiftpass.page.Page.clickElement(Page.java:123)
	at swiftpass.page.Page.clickElement(Page.java:123)
	at swiftpass.page.Page.clickElement(Page.java:123)
	at swiftpass.page.Page.clickElement(Page.java:123)
	at swiftpass.page.Page.clickElement(Page.java:123)
	at swiftpass.page.Page.clickElement(Page.java:123)
	at swiftpass.page.Page.clickElement(Page.java:123)
	at swiftpass.page.Page.clickElement(Page.java:123)
	at swiftpass.page.Page.clickElement(Page.java:123)
	at swiftpass.page.Page.clickElement(Page.java:123)
	at swiftpass.page.Page.clickElement(Page.java:123)
	at swiftpass.page.Page.clickElement(Page.java:123)
	at swiftpass.page.Page.clickElement(Page.java:123)
	at swiftpass.page.Page.clickElement(Page.java:123)
	at swiftpass.page.Page.clickElement(Page.java:123)
	at swiftpass.page.Page.clickElement(Page.java:123)
	at swiftpass.page.Page.clickElement(Page.java:123)
	at swiftpass.page.Page.clickElement(Page.java:123)
	at swiftpass.page.Page.clickElement(Page.java:123)
	at swiftpass.page.Page.clickElement(Page.java:123)
	at swiftpass.page.Page.clickElement(Page.java:123)
	at swiftpass.page.Page.clickElement(Page.java:123)
	at swiftpass.page.Page.clickElement(Page.java:123)
	at swiftpass.page.Page.clickElement(Page.java:123)
	at swiftpass.page.Page.clickElement(Page.java:123)
	at swiftpass.page.Page.clickElement(Page.java:123)
	at swiftpass.page.Page.clickElement(Page.java:123)
	at swiftpass.page.Page.clickElement(Page.java:123)
	at swiftpass.page.Page.clickElement(Page.java:123)
	at swiftpass.page.Page.clickElement(Page.java:123)
	at swiftpass.page.Page.clickElement(Page.java:123)
	at swiftpass.page.Page.clickElement(Page.java:123)
	at swiftpass.page.Page.clickElement(Page.java:123)
	at swiftpass.page.Page.clickElement(Page.java:123)
	at swiftpass.page.Page.clickElement(Page.java:123)
	at swiftpass.page.Page.clickElement(Page.java:123)
	at swiftpass.page.Page.clickElement(Page.java:123)
	at swiftpass.page.Page.clickElement(Page.java:123)
	at swiftpass.page.Page.clickElement(Page.java:123)
	at swiftpass.page.Page.clickElement(Page.java:123)
	at swiftpass.page.Page.clickElement(Page.java:123)
	at swiftpass.page.Page.clickElement(Page.java:123)
	at swiftpass.page.Page.clickElement(Page.java:123)
	at swiftpass.page.Page.clickElement(Page.java:123)
	at swiftpass.page.Page.clickElement(Page.java:123)
	at swiftpass.page.Page.clickElement(Page.java:123)
	at swiftpass.page.Page.clickElement(Page.java:123)
	at swiftpass.page.Page.clickElement(Page.java:123)
	at swiftpass.page.Page.clickElement(Page.java:123)
	at swiftpass.page.Page.clickElement(Page.java:123)
	at swiftpass.page.Page.clickElement(Page.java:123)
	at swiftpass.page.Page.clickElement(Page.java:123)
	at swiftpass.page.Page.clickElement(Page.java:123)
	at swiftpass.page.Page.clickElement(Page.java:123)
	at swiftpass.page.Page.clickElement(Page.java:123)
	at swiftpass.page.Page.clickElement(Page.java:123)
	at swiftpass.page.Page.clickElement(Page.java:123)
	at swiftpass.page.Page.clickElement(Page.java:123)
	at swiftpass.page.Page.clickElement(Page.java:123)
	at swiftpass.page.Page.clickElement(Page.java:123)
	at swiftpass.page.Page.clickElement(Page.java:123)
	at swiftpass.page.Page.clickElement(Page.java:123)
	at swiftpass.page.Page.clickElement(Page.java:123)
	at swiftpass.page.Page.clickElement(Page.java:123)
	at swiftpass.page.Page.clickElement(Page.java:123)
	at swiftpass.page.Page.clickElement(Page.java:123)
	at swiftpass.page.Page.clickElement(Page.java:123)
	at swiftpass.page.Page.clickElement(Page.java:123)
	at swiftpass.page.Page.clickElement(Page.java:123)
	at swiftpass.page.Page.clickElement(Page.java:123)
	at swiftpass.page.Page.clickElement(Page.java:123)
	at swiftpass.page.Page.clickElement(Page.java:123)
	at swiftpass.page.Page.clickElement(Page.java:123)
	at swiftpass.page.Page.clickElement(Page.java:123)
	at swiftpass.page.Page.clickElement(Page.java:123)
	at swiftpass.page.Page.clickElement(Page.java:123)
	at swiftpass.page.Page.clickElement(Page.java:123)
	at swiftpass.page.Page.clickElement(Page.java:123)
	at swiftpass.page.Page.clickElement(Page.java:123)
	at swiftpass.page.Page.clickElement(Page.java:123)
	at swiftpass.page.Page.clickElement(Page.java:123)
	at swiftpass.page.Page.clickElement(Page.java:123)
	at swiftpass.page.Page.clickElement(Page.java:123)
	at swiftpass.page.Page.clickElement(Page.java:123)
	at swiftpass.page.Page.clickElement(Page.java:123)
	at swiftpass.page.Page.clickElement(Page.java:123)
	at swiftpass.page.Page.clickElement(Page.java:123)
	at swiftpass.page.Page.clickElement(Page.java:123)
	at swiftpass.page.Page.clickElement(Page.java:123)
	at swiftpass.page.Page.clickElement(Page.java:123)
	at swiftpass.page.Page.clickElement(Page.java:123)
	at swiftpass.page.Page.clickElement(Page.java:123)
	at swiftpass.page.Page.clickElement(Page.java:123)
	at swiftpass.page.Page.clickElement(Page.java:123)
	at swiftpass.page.Page.clickElement(Page.java:123)
	at swiftpass.page.Page.clickElement(Page.java:123)
	at swiftpass.page.Page.clickElement(Page.java:123)
	at swiftpass.page.Page.clickElement(Page.java:123)
	at swiftpass.page.Page.clickElement(Page.java:123)
	at swiftpass.page.Page.clickElement(Page.java:123)
	at swiftpass.page.Page.clickElement(Page.java:123)
	at swiftpass.page.Page.clickElement(Page.java:123)
	at swiftpass.page.Page.clickElement(Page.java:123)
	at swiftpass.page.Page.clickElement(Page.java:123)
	at swiftpass.page.Page.clickElement(Page.java:123)
	at swiftpass.page.Page.clickElement(Page.java:123)
	at swiftpass.page.Page.clickElement(Page.java:123)
	at swiftpass.page.Page.clickElement(Page.java:123)
	at swiftpass.page.Page.clickElement(Page.java:123)
	at swiftpass.page.Page.clickElement(Page.java:123)
	at swiftpass.page.Page.clickElement(Page.java:123)
	at swiftpass.page.Page.clickElement(Page.java:123)
	at swiftpass.page.Page.clickElement(Page.java:123)
	at swiftpass.page.Page.clickElement(Page.java:123)
	at swiftpass.page.Page.clickElement(Page.java:123)
	at swiftpass.page.Page.clickElement(Page.java:123)
	at swiftpass.page.Page.clickElement(Page.java:123)
	at swiftpass.page.Page.clickElement(Page.java:123)
	at swiftpass.page.Page.clickElement(Page.java:123)
	at swiftpass.page.Page.clickElement(Page.java:123)
	at swiftpass.page.Page.clickElement(Page.java:123)
	at swiftpass.page.Page.clickElement(Page.java:123)
	at swiftpass.page.Page.clickElement(Page.java:123)
	at swiftpass.page.Page.clickElement(Page.java:123)
	at swiftpass.page.Page.clickElement(Page.java:123)
	at swiftpass.page.Page.clickElement(Page.java:123)
	at swiftpass.page.Page.clickElement(Page.java:123)
	at swiftpass.page.Page.clickElement(Page.java:123)
	at swiftpass.page.Page.clickElement(Page.java:123)
	at swiftpass.page.Page.clickElement(Page.java:123)
	at swiftpass.page.Page.clickElement(Page.java:123)
	at swiftpass.page.Page.clickElement(Page.java:123)
	at swiftpass.page.Page.clickElement(Page.java:123)
	at swiftpass.page.Page.clickElement(Page.java:123)
	at swiftpass.page.Page.clickElement(Page.java:123)
	at swiftpass.page.Page.clickElement(Page.java:123)
	at swiftpass.page.Page.clickElement(Page.java:123)
	at swiftpass.page.Page.clickElement(Page.java:123)
	at swiftpass.page.Page.clickElement(Page.java:123)
	at swiftpass.page.Page.clickElement(Page.java:123)
	at swiftpass.page.Page.clickElement(Page.java:123)
	at swiftpass.page.Page.clickElement(Page.java:123)
	at swiftpass.page.Page.clickElement(Page.java:123)
	at swiftpass.page.Page.clickElement(Page.java:123)
	at swiftpass.page.Page.clickElement(Page.java:123)
	at swiftpass.page.Page.clickElement(Page.java:123)
	at swiftpass.page.Page.clickElement(Page.java:123)
	at swiftpass.page.Page.clickElement(Page.java:123)
	at swiftpass.page.Page.clickElement(Page.java:123)
	at swiftpass.page.Page.clickElement(Page.java:123)
	at swiftpass.page.Page.clickElement(Page.java:123)
	at swiftpass.page.Page.clickElement(Page.java:123)
	at swiftpass.page.Page.clickElement(Page.java:123)
	at swiftpass.page.Page.clickElement(Page.java:123)
	at swiftpass.page.Page.clickElement(Page.java:123)
	at swiftpass.page.Page.clickElement(Page.java:123)
	at swiftpass.page.Page.clickElement(Page.java:123)
	at swiftpass.page.Page.clickElement(Page.java:123)
	at swiftpass.page.Page.clickElement(Page.java:123)
	at swiftpass.page.Page.clickElement(Page.java:123)
]]>
            </full-stacktrace>
          </exception> <!-- java.lang.StackOverflowError -->
          <reporter-output>
          </reporter-output>
        </test-method> <!-- refresh -->
        <test-method status="SKIP" signature="runDetail(swiftpass.testcase.casebeans.MerchantDetailCaseBean)[pri:0, instance:swiftpass.testcase.runners.MerchantTestCaseRunner@6c80d78a]" name="runDetail" duration-ms="15" started-at="2017-04-19T17:32:40Z" data-provider="testData" finished-at="2017-04-19T17:32:40Z">
          <params>
            <param index="0">
              <value>
                <![CDATA[CASE_NAME(用例名称)=查看一个正常的商户数据..., message(通用消息)=, TEXT(页面信息)=148510000067-自动化测试LJSzI7]]>
              </value>
            </param>
          </params>
          <reporter-output>
          </reporter-output>
        </test-method> <!-- runDetail -->
        <test-method status="SKIP" signature="refresh()[pri:0, instance:swiftpass.testcase.runners.MerchantTestCaseRunner@6c80d78a]" name="refresh" is-config="true" duration-ms="0" started-at="2017-04-19T17:32:41Z" description="刷新页面......" finished-at="2017-04-19T17:32:41Z">
          <reporter-output>
          </reporter-output>
        </test-method> <!-- refresh -->
        <test-method status="SKIP" signature="runActivePC(swiftpass.testcase.casebeans.MerchantPCActiveCaseBean)[pri:0, instance:swiftpass.testcase.runners.MerchantTestCaseRunner@6c80d78a]" name="runActivePC" duration-ms="5" started-at="2017-04-19T17:32:41Z" data-provider="testData" finished-at="2017-04-19T17:32:41Z">
          <params>
            <param index="0">
              <value>
                <![CDATA[preMchExamineStatus(审核状态)=1, preMchActiveStatus(激活状态)=0, activeOperate(激活人)=冻结, merchantPCActivateStatus(商家激活状态)=1, isClickFirstRowMerchant(是否确认选择首行数据)=true, isClickFirstRowPT(是否点击首行数据)=true, isConfirmActiveOperate(是否确认激活)=true, payTypeName(支付类型)=扫码支付(三河蒙银村镇银行)-微信, errorMsg(错误信息)=已激活的支付方式不显示激活通过按钮, CASE_NAME(用例名称)=商户支付方式配置为激活状态去进行激活通过和激活不通过时抛出异常...]]>
              </value>
            </param>
          </params>
          <reporter-output>
          </reporter-output>
        </test-method> <!-- runActivePC -->
        <test-method status="SKIP" signature="refresh()[pri:0, instance:swiftpass.testcase.runners.MerchantTestCaseRunner@6c80d78a]" name="refresh" is-config="true" duration-ms="0" started-at="2017-04-19T17:32:41Z" description="刷新页面......" finished-at="2017-04-19T17:32:41Z">
          <reporter-output>
          </reporter-output>
        </test-method> <!-- refresh -->
        <test-method status="SKIP" signature="runAAA(swiftpass.testcase.casebeans.MerchantAAACaseBean)[pri:0, instance:swiftpass.testcase.runners.MerchantTestCaseRunner@6c80d78a]" name="runAAA" duration-ms="7" started-at="2017-04-19T17:32:41Z" data-provider="testData" finished-at="2017-04-19T17:32:41Z">
          <params>
            <param index="0">
              <value>
                <![CDATA[CASE_NAME(用例名称)=正常关闭验证..., TEXT(页面文本信息)=, PC_ExamineStatus(所属渠道审核状态)=1, PM_ExamineStatus(所属大商户审核状态)=, M_ExamineStatus(商户（门店）审核状态)=1, M_ActivateStatus(商户（门店）激活状态)=1, isMerchant(是否选择商户)=true, aaOperate(是否审核)=关闭, isConfirmOperate(是否确认审核)=true, message(通宵消息s)=正常关闭, activateStatusRemark(激活状态备注)=]]>
              </value>
            </param>
          </params>
          <reporter-output>
          </reporter-output>
        </test-method> <!-- runAAA -->
        <test-method status="SKIP" signature="refresh()[pri:0, instance:swiftpass.testcase.runners.MerchantTestCaseRunner@6c80d78a]" name="refresh" is-config="true" duration-ms="0" started-at="2017-04-19T17:32:41Z" description="刷新页面......" finished-at="2017-04-19T17:32:41Z">
          <reporter-output>
          </reporter-output>
        </test-method> <!-- refresh -->
        <test-method status="SKIP" signature="runAAA(swiftpass.testcase.casebeans.MerchantAAACaseBean)[pri:0, instance:swiftpass.testcase.runners.MerchantTestCaseRunner@6c80d78a]" name="runAAA" duration-ms="6" started-at="2017-04-19T17:32:41Z" data-provider="testData" finished-at="2017-04-19T17:32:41Z">
          <params>
            <param index="0">
              <value>
                <![CDATA[CASE_NAME(用例名称)=正常取消验证..., TEXT(页面文本信息)=, PC_ExamineStatus(所属渠道审核状态)=1, PM_ExamineStatus(所属大商户审核状态)=, M_ExamineStatus(商户（门店）审核状态)=1, M_ActivateStatus(商户（门店）激活状态)=1, isMerchant(是否选择商户)=true, aaOperate(是否审核)=通过, isConfirmOperate(是否确认审核)=false, message(通宵消息s)=正常取消, activateStatusRemark(激活状态备注)=]]>
              </value>
            </param>
          </params>
          <reporter-output>
          </reporter-output>
        </test-method> <!-- runAAA -->
        <test-method status="SKIP" signature="refresh()[pri:0, instance:swiftpass.testcase.runners.MerchantTestCaseRunner@6c80d78a]" name="refresh" is-config="true" duration-ms="0" started-at="2017-04-19T17:32:41Z" description="刷新页面......" finished-at="2017-04-19T17:32:41Z">
          <reporter-output>
          </reporter-output>
        </test-method> <!-- refresh -->
        <test-method status="SKIP" signature="runAdd(swiftpass.testcase.casebeans.MerchantAddCaseBean)[pri:0, instance:swiftpass.testcase.runners.MerchantTestCaseRunner@6c80d78a]" name="runAdd" duration-ms="9" started-at="2017-04-19T17:32:41Z" data-provider="testData" finished-at="2017-04-19T17:32:41Z">
          <params>
            <param index="0">
              <value>
                <![CDATA[CASE_NAME(用例名称)=商户名称非空校验..., big_or_normal(新增大商户or普通商户)=普通商户, chnNameOrId(所属渠道)=总行, channelItem(渠道选择)=渠道名称, isSelectChannel(是否选择渠道)=true, chnName(所属渠道名称)=总行, chnId(所属渠道编码)=151590000001, isConfirmSelectChannel(是否确认选择渠道)=true, merchantName(商户名称)=, shortName(商户简称)=大都户3241131, merchantType(商户类型)=普通商户, isSelectEmp(是否选择业务员)=false, empItem(选择业务员下拉搜索框)=业务员编号, empNameOrId(输入业务员编号或者名称)=null, empName(业务员名称)=, isConfirmSelectEmp(是否确认选择业务员)=false, currency(币种)=澳大利亚元, isSelectIndustry(是否选择行业类别)=true, industryNameChain(行业类别名称)=个体工商户>书籍/音像/文具>文具, industryIdChain(行业类别ID)=10000002>10000027>185, isConfirmSelectIndustry(是否选确认择行业类别)=true, province(省份)=广东, city(城市)=深圳, address(地址)=广东省深圳市南山区, tel(电话)=075520653536, email(邮箱)=Die67@IZg.com, website(网址)=www.flA09.com, principal(负责人)=赵桃园, idCode(负责人身份证)=360737201704196665, principalPhone(负责人手机号码)=13778610690, serviceTel(客服电话)=075582501666, thrMchId(行内商户号)=919952480730, isClickCheckbox(是否点击结算资料checkbox)=true, isSelectBank(是否选择银行)=true, isConfirmSelectBank(是否确认选择银行)=true, LICENSE_PHOTO(营业执照图片)=, INDENTITY_PHOTO(商户负责人身份证)=, PROTOCOL_PHOTO(组织机构代码证)=, ORG_PHOTO(商户协议)=, bankId(开户银行)=382, bankName(银行名称)=桂林银行, account(银行卡号)=622202359307842405, accountOwner(开户名称)=丙鲲鹏, accountType(账户类型)=个人, subBankNO(网点号)=599831437978, subBankName(开户支行)=桂林银行深圳支行, idType(证件类型)=身份证, isSave(是否保存)=true, isConfirmSave(是否确认保存)=true, message(通用消息)=请填写商户名称, isInsideAccount(是否行内账号)=, phoneType(手机号码类型)=]]>
              </value>
            </param>
          </params>
          <reporter-output>
          </reporter-output>
        </test-method> <!-- runAdd -->
        <test-method status="SKIP" signature="refresh()[pri:0, instance:swiftpass.testcase.runners.MerchantTestCaseRunner@6c80d78a]" name="refresh" is-config="true" duration-ms="0" started-at="2017-04-19T17:32:41Z" description="刷新页面......" finished-at="2017-04-19T17:32:41Z">
          <reporter-output>
          </reporter-output>
        </test-method> <!-- refresh -->
        <test-method status="SKIP" signature="runAdd(swiftpass.testcase.casebeans.MerchantAddCaseBean)[pri:0, instance:swiftpass.testcase.runners.MerchantTestCaseRunner@6c80d78a]" name="runAdd" duration-ms="7" started-at="2017-04-19T17:32:41Z" data-provider="testData" finished-at="2017-04-19T17:32:41Z">
          <params>
            <param index="0">
              <value>
                <![CDATA[CASE_NAME(用例名称)=商户名称长度校验..., big_or_normal(新增大商户or普通商户)=普通商户, chnNameOrId(所属渠道)=总行, channelItem(渠道选择)=渠道名称, isSelectChannel(是否选择渠道)=true, chnName(所属渠道名称)=总行, chnId(所属渠道编码)=151590000001, isConfirmSelectChannel(是否确认选择渠道)=true, merchantName(商户名称)=Yfv6f6Pvd3ehx1UdAvmkaTbwr3CRKAEzEFnkj2r9EIS9NhWGNRu8L3dgR7W0QKBS4, shortName(商户简称)=大都户3241131, merchantType(商户类型)=普通商户, isSelectEmp(是否选择业务员)=false, empItem(选择业务员下拉搜索框)=业务员编号, empNameOrId(输入业务员编号或者名称)=null, empName(业务员名称)=, isConfirmSelectEmp(是否确认选择业务员)=false, currency(币种)=澳大利亚元, isSelectIndustry(是否选择行业类别)=true, industryNameChain(行业类别名称)=个体工商户>书籍/音像/文具>文具, industryIdChain(行业类别ID)=10000002>10000027>185, isConfirmSelectIndustry(是否选确认择行业类别)=true, province(省份)=广东, city(城市)=深圳, address(地址)=广东省深圳市南山区, tel(电话)=075520653536, email(邮箱)=Die67@IZg.com, website(网址)=www.flA09.com, principal(负责人)=赵桃园, idCode(负责人身份证)=360737201704196665, principalPhone(负责人手机号码)=13778610690, serviceTel(客服电话)=075582501666, thrMchId(行内商户号)=919952480730, isClickCheckbox(是否点击结算资料checkbox)=true, isSelectBank(是否选择银行)=true, isConfirmSelectBank(是否确认选择银行)=true, LICENSE_PHOTO(营业执照图片)=, INDENTITY_PHOTO(商户负责人身份证)=, PROTOCOL_PHOTO(组织机构代码证)=, ORG_PHOTO(商户协议)=, bankId(开户银行)=382, bankName(银行名称)=桂林银行, account(银行卡号)=622202359307842405, accountOwner(开户名称)=丙鲲鹏, accountType(账户类型)=个人, subBankNO(网点号)=599831437978, subBankName(开户支行)=桂林银行深圳支行, idType(证件类型)=身份证, isSave(是否保存)=true, isConfirmSave(是否确认保存)=true, message(通用消息)=商户名称长度在1~64位之间！, isInsideAccount(是否行内账号)=, phoneType(手机号码类型)=]]>
              </value>
            </param>
          </params>
          <reporter-output>
          </reporter-output>
        </test-method> <!-- runAdd -->
        <test-method status="SKIP" signature="refresh()[pri:0, instance:swiftpass.testcase.runners.MerchantTestCaseRunner@6c80d78a]" name="refresh" is-config="true" duration-ms="0" started-at="2017-04-19T17:33:47Z" description="刷新页面......" finished-at="2017-04-19T17:33:47Z">
          <reporter-output>
          </reporter-output>
        </test-method> <!-- refresh -->
        <test-method status="SKIP" signature="runSearch(swiftpass.testcase.casebeans.MerchantSearchCaseBean)[pri:0, instance:swiftpass.testcase.runners.MerchantTestCaseRunner@6c80d78a]" name="runSearch" duration-ms="6" started-at="2017-04-19T17:33:47Z" data-provider="testData" finished-at="2017-04-19T17:33:47Z">
          <params>
            <param index="0">
              <value>
                <![CDATA[CASE_NAME(用例名称)=单条件查询 -> 根据受理机构..., beginCT(创建开始时间)=, endCT(创建结束时间)=, isSelectOrg(是否选择受理机构)=true, orgNameOrIdItem(选择编号还是名称)=受理机构编号, orgNameOrId(选择编号or名称的具体值)=199500054395, ACCEPT_ORG_ID(受理机构编码)=199500054395, ORG_NAME(受理机构名称)=三河蒙银村镇银行, isConfirmSelectOrg(是否确认选择受理机构)=true, isSelectPCh(是否选择渠道)=, pChNameOrIdItem(选择渠道名称或编码)=, pChNameOrId(填写遇到名称或ID)=, isConfirmSelectPCh(是否确认选择渠道)=, MERCHANT_NAME(商户名称)=, MERCHANT_ID(商户编码)=, MERCHANT_TYPE(商户类型)=, EXAMINE_STATUS(审核状态)=, ACTIVATE_STATUS(激活状态)=, isSelectIndustry(是否选择行业)=, INDUSTR_ID(业务员ID)=, INDUSTRY_NAME(业务员名称)=, isConfirmSelectIndustry(是否确认选择行业)=, message(通用消息)=]]>
              </value>
            </param>
          </params>
          <reporter-output>
          </reporter-output>
        </test-method> <!-- runSearch -->
        <test-method status="SKIP" signature="refresh()[pri:0, instance:swiftpass.testcase.runners.MerchantTestCaseRunner@6c80d78a]" name="refresh" is-config="true" duration-ms="0" started-at="2017-04-19T17:33:47Z" description="刷新页面......" finished-at="2017-04-19T17:33:47Z">
          <reporter-output>
          </reporter-output>
        </test-method> <!-- refresh -->
        <test-method status="SKIP" signature="runSearch(swiftpass.testcase.casebeans.MerchantSearchCaseBean)[pri:0, instance:swiftpass.testcase.runners.MerchantTestCaseRunner@6c80d78a]" name="runSearch" duration-ms="5" started-at="2017-04-19T17:33:47Z" data-provider="testData" finished-at="2017-04-19T17:33:47Z">
          <params>
            <param index="0">
              <value>
                <![CDATA[CASE_NAME(用例名称)=单条件查询 -> 根据渠道..., beginCT(创建开始时间)=, endCT(创建结束时间)=, isSelectOrg(是否选择受理机构)=, orgNameOrIdItem(选择编号还是名称)=, orgNameOrId(选择编号or名称的具体值)=, ACCEPT_ORG_ID(受理机构编码)=, ORG_NAME(受理机构名称)=, isConfirmSelectOrg(是否确认选择受理机构)=, isSelectPCh(是否选择渠道)=true, pChNameOrIdItem(选择渠道名称或编码)=渠道名称, pChNameOrId(填写遇到名称或ID)=钱赵吴李51502, isConfirmSelectPCh(是否确认选择渠道)=true, MERCHANT_NAME(商户名称)=钱赵吴李51502, MERCHANT_ID(商户编码)=148530000201, MERCHANT_TYPE(商户类型)=, EXAMINE_STATUS(审核状态)=, ACTIVATE_STATUS(激活状态)=, isSelectIndustry(是否选择行业)=, INDUSTR_ID(业务员ID)=, INDUSTRY_NAME(业务员名称)=, isConfirmSelectIndustry(是否确认选择行业)=, message(通用消息)=]]>
              </value>
            </param>
          </params>
          <reporter-output>
          </reporter-output>
        </test-method> <!-- runSearch -->
        <test-method status="SKIP" signature="refresh()[pri:0, instance:swiftpass.testcase.runners.MerchantTestCaseRunner@6c80d78a]" name="refresh" is-config="true" duration-ms="0" started-at="2017-04-19T17:33:47Z" description="刷新页面......" finished-at="2017-04-19T17:33:47Z">
          <reporter-output>
          </reporter-output>
        </test-method> <!-- refresh -->
        <test-method status="SKIP" signature="runSearch(swiftpass.testcase.casebeans.MerchantSearchCaseBean)[pri:0, instance:swiftpass.testcase.runners.MerchantTestCaseRunner@6c80d78a]" name="runSearch" duration-ms="6" started-at="2017-04-19T17:33:47Z" data-provider="testData" finished-at="2017-04-19T17:33:47Z">
          <params>
            <param index="0">
              <value>
                <![CDATA[CASE_NAME(用例名称)=单条件查询 -> 根据行业类别..., beginCT(创建开始时间)=, endCT(创建结束时间)=, isSelectOrg(是否选择受理机构)=, orgNameOrIdItem(选择编号还是名称)=, orgNameOrId(选择编号or名称的具体值)=, ACCEPT_ORG_ID(受理机构编码)=, ORG_NAME(受理机构名称)=, isConfirmSelectOrg(是否确认选择受理机构)=, isSelectPCh(是否选择渠道)=, pChNameOrIdItem(选择渠道名称或编码)=, pChNameOrId(填写遇到名称或ID)=, isConfirmSelectPCh(是否确认选择渠道)=, MERCHANT_NAME(商户名称)=, MERCHANT_ID(商户编码)=, MERCHANT_TYPE(商户类型)=, EXAMINE_STATUS(审核状态)=, ACTIVATE_STATUS(激活状态)=, isSelectIndustry(是否选择行业)=true, INDUSTR_ID(业务员ID)=292, INDUSTRY_NAME(业务员名称)=个体工商户-其他-其他行业, isConfirmSelectIndustry(是否确认选择行业)=true, message(通用消息)=]]>
              </value>
            </param>
          </params>
          <reporter-output>
          </reporter-output>
        </test-method> <!-- runSearch -->
      </class> <!-- swiftpass.testcase.runners.MerchantTestCaseRunner -->
      <class name="swiftpass.testcase.runners.ChannelTestCaseRunner">
        <test-method status="PASS" signature="initProcess()[pri:0, instance:swiftpass.testcase.runners.ChannelTestCaseRunner@62150f9e]" name="initProcess" is-config="true" duration-ms="7" started-at="2017-04-19T17:33:47Z" description="测试用例初始化..." finished-at="2017-04-19T17:33:47Z">
          <reporter-output>
          </reporter-output>
        </test-method> <!-- initProcess -->
        <test-method status="FAIL" signature="refresh()[pri:0, instance:swiftpass.testcase.runners.ChannelTestCaseRunner@62150f9e]" name="refresh" is-config="true" duration-ms="0" started-at="2017-04-19T17:33:48Z" finished-at="2017-04-19T17:33:48Z">
          <exception class="org.openqa.selenium.NoSuchWindowException">
            <message>
              <![CDATA[no such window: target window already closed
from unknown error: web view not found
  (Session info: chrome=56.0.2924.87)
  (Driver info: chromedriver=2.24.417431 (9aea000394714d2fbb20850021f6204f2256b9cf),platform=Windows NT 10.0.15063 x86_64) (WARNING: The server did not provide any stacktrace information)
Command duration or timeout: 1 milliseconds
Build info: version: 'unknown', revision: 'c7b525d', time: '2016-09-01 14:57:44 -0700'
System info: host: 'DESKTOP-N8UCBGL', ip: '192.168.2.155', os.name: 'Windows 10', os.arch: 'amd64', os.version: '10.0', java.version: '1.8.0_121'
Driver info: org.openqa.selenium.chrome.ChromeDriver
Capabilities [{applicationCacheEnabled=false, rotatable=false, mobileEmulationEnabled=false, networkConnectionEnabled=false, chrome={chromedriverVersion=2.24.417431 (9aea000394714d2fbb20850021f6204f2256b9cf), userDataDir=C:\Users\admin\AppData\Local\Temp\scoped_dir12644_21792}, takesHeapSnapshot=true, pageLoadStrategy=normal, databaseEnabled=false, handlesAlerts=true, hasTouchScreen=false, version=56.0.2924.87, platform=XP, browserConnectionEnabled=false, nativeEvents=true, acceptSslCerts=true, locationContextEnabled=true, webStorageEnabled=true, browserName=chrome, takesScreenshot=true, javascriptEnabled=true, cssSelectorsEnabled=true}]
Session ID: a2fdd0c0bd3264752e9b4dd5e38736b3]]>
            </message>
            <full-stacktrace>
              <![CDATA[org.openqa.selenium.NoSuchWindowException: no such window: target window already closed
from unknown error: web view not found
  (Session info: chrome=56.0.2924.87)
  (Driver info: chromedriver=2.24.417431 (9aea000394714d2fbb20850021f6204f2256b9cf),platform=Windows NT 10.0.15063 x86_64) (WARNING: The server did not provide any stacktrace information)
Command duration or timeout: 1 milliseconds
Build info: version: 'unknown', revision: 'c7b525d', time: '2016-09-01 14:57:44 -0700'
System info: host: 'DESKTOP-N8UCBGL', ip: '192.168.2.155', os.name: 'Windows 10', os.arch: 'amd64', os.version: '10.0', java.version: '1.8.0_121'
Driver info: org.openqa.selenium.chrome.ChromeDriver
Capabilities [{applicationCacheEnabled=false, rotatable=false, mobileEmulationEnabled=false, networkConnectionEnabled=false, chrome={chromedriverVersion=2.24.417431 (9aea000394714d2fbb20850021f6204f2256b9cf), userDataDir=C:\Users\admin\AppData\Local\Temp\scoped_dir12644_21792}, takesHeapSnapshot=true, pageLoadStrategy=normal, databaseEnabled=false, handlesAlerts=true, hasTouchScreen=false, version=56.0.2924.87, platform=XP, browserConnectionEnabled=false, nativeEvents=true, acceptSslCerts=true, locationContextEnabled=true, webStorageEnabled=true, browserName=chrome, takesScreenshot=true, javascriptEnabled=true, cssSelectorsEnabled=true}]
Session ID: a2fdd0c0bd3264752e9b4dd5e38736b3
	at sun.reflect.GeneratedConstructorAccessor21.newInstance(Unknown Source)
	at sun.reflect.DelegatingConstructorAccessorImpl.newInstance(DelegatingConstructorAccessorImpl.java:45)
	at java.lang.reflect.Constructor.newInstance(Constructor.java:423)
	at org.openqa.selenium.remote.ErrorHandler.createThrowable(ErrorHandler.java:206)
	at org.openqa.selenium.remote.ErrorHandler.throwIfResponseFailed(ErrorHandler.java:158)
	at org.openqa.selenium.remote.RemoteWebDriver.execute(RemoteWebDriver.java:631)
	at org.openqa.selenium.remote.RemoteWebDriver.execute(RemoteWebDriver.java:654)
	at org.openqa.selenium.remote.RemoteWebDriver$RemoteNavigation.refresh(RemoteWebDriver.java:906)
	at swiftpass.testcase.runners.ChannelTestCaseRunner.refresh(ChannelTestCaseRunner.java:34)
	at sun.reflect.NativeMethodAccessorImpl.invoke0(Native Method)
	at sun.reflect.NativeMethodAccessorImpl.invoke(NativeMethodAccessorImpl.java:62)
	at sun.reflect.DelegatingMethodAccessorImpl.invoke(DelegatingMethodAccessorImpl.java:43)
	at java.lang.reflect.Method.invoke(Method.java:498)
	at org.testng.internal.MethodInvocationHelper.invokeMethod(MethodInvocationHelper.java:100)
	at org.testng.internal.Invoker.invokeConfigurationMethod(Invoker.java:515)
	at org.testng.internal.Invoker.invokeConfigurations(Invoker.java:216)
	at org.testng.internal.Invoker.invokeMethod(Invoker.java:590)
	at org.testng.internal.Invoker.invokeTestMethod(Invoker.java:811)
	at org.testng.internal.Invoker.invokeTestMethods(Invoker.java:1129)
	at org.testng.internal.TestMethodWorker.invokeTestMethods(TestMethodWorker.java:129)
	at org.testng.internal.TestMethodWorker.run(TestMethodWorker.java:112)
	at org.testng.TestRunner.privateRun(TestRunner.java:746)
	at org.testng.TestRunner.run(TestRunner.java:600)
	at org.testng.SuiteRunner.runTest(SuiteRunner.java:366)
	at org.testng.SuiteRunner.runSequentially(SuiteRunner.java:361)
	at org.testng.SuiteRunner.privateRun(SuiteRunner.java:319)
	at org.testng.SuiteRunner.run(SuiteRunner.java:268)
	at org.testng.SuiteRunnerWorker.runSuite(SuiteRunnerWorker.java:52)
	at org.testng.SuiteRunnerWorker.run(SuiteRunnerWorker.java:86)
	at org.testng.TestNG.runSuitesSequentially(TestNG.java:1264)
	at org.testng.TestNG.runSuitesLocally(TestNG.java:1189)
	at org.testng.TestNG.runSuites(TestNG.java:1104)
	at org.testng.TestNG.run(TestNG.java:1076)
	at org.testng.remote.AbstractRemoteTestNG.run(AbstractRemoteTestNG.java:132)
	at org.testng.remote.RemoteTestNG.initAndRun(RemoteTestNG.java:230)
	at org.testng.remote.RemoteTestNG.main(RemoteTestNG.java:76)
]]>
            </full-stacktrace>
          </exception> <!-- org.openqa.selenium.NoSuchWindowException -->
          <reporter-output>
          </reporter-output>
        </test-method> <!-- refresh -->
        <test-method status="SKIP" signature="runEdit(swiftpass.testcase.CaseBean)[pri:0, instance:swiftpass.testcase.runners.ChannelTestCaseRunner@62150f9e]" name="runEdit" duration-ms="6" started-at="2017-04-19T17:33:48Z" data-provider="runEditData" finished-at="2017-04-19T17:33:48Z">
          <params>
            <param index="0">
              <value>
                <![CDATA[CASE_NAME(用例名称)=渠道编辑编辑冻结渠道不可编辑., channelName(渠道名称)=自动化渠道nCMd, channelId(渠道编号（查询用))=148560000483, parentChannelName(所属渠道名称（验证用）)=, parentChannelId(所属渠道编号（验证用）)=, province(省份（验证用）)=, city(城市（验证用）)=, address(地址)=后海大道1024号., email(邮箱)=UUM42@dKe.com, principal(负责人)=甲夏草, tel(电话)=075574810949, remark(备注)=4IhGqmlO8iAzdonmAEHiMsIkp59Tu8kL, thirdChannelId(外部渠道号)=027242888025, isEdit(是否编辑)=true, isConfirmEdit(是否确认编辑)=true, message(通用消息)=, isNotFreeze(编辑渠道是否冻结)=false, isExaminePass(编辑渠道是否审核通过)=false]]>
              </value>
            </param>
          </params>
          <reporter-output>
          </reporter-output>
        </test-method> <!-- runEdit -->
        <test-method status="SKIP" signature="refresh()[pri:0, instance:swiftpass.testcase.runners.ChannelTestCaseRunner@62150f9e]" name="refresh" is-config="true" duration-ms="0" started-at="2017-04-19T17:33:48Z" finished-at="2017-04-19T17:33:48Z">
          <reporter-output>
          </reporter-output>
        </test-method> <!-- refresh -->
        <test-method status="SKIP" signature="runScanDetail(java.util.HashMap)[pri:0, instance:swiftpass.testcase.runners.ChannelTestCaseRunner@62150f9e]" name="runScanDetail" duration-ms="6" started-at="2017-04-19T17:33:48Z" data-provider="channelTestData" finished-at="2017-04-19T17:33:48Z">
          <params>
            <param index="0">
              <value>
                <![CDATA[{CHANNEL_ID=148500000133, TEXT=148500000133-钱渠王道39529, message=, CHANNEL_NAME=钱渠王道39529}]]>
              </value>
            </param>
          </params>
          <reporter-output>
          </reporter-output>
        </test-method> <!-- runScanDetail -->
      </class> <!-- swiftpass.testcase.runners.ChannelTestCaseRunner -->
      <class name="swiftpass.testcase.RunCaseProcessor">
        <test-method status="PASS" signature="preTestProcess()[pri:0, instance:swiftpass.testcase.RunCaseProcessor@14dd9eb7]" name="preTestProcess" is-config="true" duration-ms="5556" started-at="2017-04-18T14:14:25Z" description="在测试前完成登录操作" finished-at="2017-04-18T14:14:30Z">
          <reporter-output>
          </reporter-output>
        </test-method> <!-- preTestProcess -->
        <test-method status="FAIL" signature="postTestProcess()[pri:0, instance:swiftpass.testcase.RunCaseProcessor@14dd9eb7]" name="postTestProcess" is-config="true" duration-ms="0" started-at="2017-04-19T17:33:48Z" description="测试完成后，确保数据库链接关闭，关闭浏览器" finished-at="2017-04-19T17:33:48Z">
          <exception class="org.openqa.selenium.WebDriverException">
            <message>
              <![CDATA[chrome not reachable
  (Session info: chrome=56.0.2924.87)
  (Driver info: chromedriver=2.24.417431 (9aea000394714d2fbb20850021f6204f2256b9cf),platform=Windows NT 10.0.15063 x86_64) (WARNING: The server did not provide any stacktrace information)
Command duration or timeout: 2.01 seconds
Build info: version: 'unknown', revision: 'c7b525d', time: '2016-09-01 14:57:44 -0700'
System info: host: 'DESKTOP-N8UCBGL', ip: '192.168.2.155', os.name: 'Windows 10', os.arch: 'amd64', os.version: '10.0', java.version: '1.8.0_121'
Driver info: org.openqa.selenium.chrome.ChromeDriver
Capabilities [{applicationCacheEnabled=false, rotatable=false, mobileEmulationEnabled=false, networkConnectionEnabled=false, chrome={chromedriverVersion=2.24.417431 (9aea000394714d2fbb20850021f6204f2256b9cf), userDataDir=C:\Users\admin\AppData\Local\Temp\scoped_dir12644_21792}, takesHeapSnapshot=true, pageLoadStrategy=normal, databaseEnabled=false, handlesAlerts=true, hasTouchScreen=false, version=56.0.2924.87, platform=XP, browserConnectionEnabled=false, nativeEvents=true, acceptSslCerts=true, locationContextEnabled=true, webStorageEnabled=true, browserName=chrome, takesScreenshot=true, javascriptEnabled=true, cssSelectorsEnabled=true}]
Session ID: a2fdd0c0bd3264752e9b4dd5e38736b3]]>
            </message>
            <full-stacktrace>
              <![CDATA[org.openqa.selenium.WebDriverException: chrome not reachable
  (Session info: chrome=56.0.2924.87)
  (Driver info: chromedriver=2.24.417431 (9aea000394714d2fbb20850021f6204f2256b9cf),platform=Windows NT 10.0.15063 x86_64) (WARNING: The server did not provide any stacktrace information)
Command duration or timeout: 2.01 seconds
Build info: version: 'unknown', revision: 'c7b525d', time: '2016-09-01 14:57:44 -0700'
System info: host: 'DESKTOP-N8UCBGL', ip: '192.168.2.155', os.name: 'Windows 10', os.arch: 'amd64', os.version: '10.0', java.version: '1.8.0_121'
Driver info: org.openqa.selenium.chrome.ChromeDriver
Capabilities [{applicationCacheEnabled=false, rotatable=false, mobileEmulationEnabled=false, networkConnectionEnabled=false, chrome={chromedriverVersion=2.24.417431 (9aea000394714d2fbb20850021f6204f2256b9cf), userDataDir=C:\Users\admin\AppData\Local\Temp\scoped_dir12644_21792}, takesHeapSnapshot=true, pageLoadStrategy=normal, databaseEnabled=false, handlesAlerts=true, hasTouchScreen=false, version=56.0.2924.87, platform=XP, browserConnectionEnabled=false, nativeEvents=true, acceptSslCerts=true, locationContextEnabled=true, webStorageEnabled=true, browserName=chrome, takesScreenshot=true, javascriptEnabled=true, cssSelectorsEnabled=true}]
Session ID: a2fdd0c0bd3264752e9b4dd5e38736b3
	at sun.reflect.NativeConstructorAccessorImpl.newInstance0(Native Method)
	at sun.reflect.NativeConstructorAccessorImpl.newInstance(NativeConstructorAccessorImpl.java:62)
	at sun.reflect.DelegatingConstructorAccessorImpl.newInstance(DelegatingConstructorAccessorImpl.java:45)
	at java.lang.reflect.Constructor.newInstance(Constructor.java:423)
	at org.openqa.selenium.remote.ErrorHandler.createThrowable(ErrorHandler.java:206)
	at org.openqa.selenium.remote.ErrorHandler.throwIfResponseFailed(ErrorHandler.java:158)
	at org.openqa.selenium.remote.RemoteWebDriver.execute(RemoteWebDriver.java:631)
	at org.openqa.selenium.remote.RemoteWebDriver.execute(RemoteWebDriver.java:654)
	at org.openqa.selenium.remote.RemoteWebDriver.close(RemoteWebDriver.java:488)
	at swiftpass.testcase.RunCaseProcessor.postTestProcess(RunCaseProcessor.java:129)
	at sun.reflect.NativeMethodAccessorImpl.invoke0(Native Method)
	at sun.reflect.NativeMethodAccessorImpl.invoke(NativeMethodAccessorImpl.java:62)
	at sun.reflect.DelegatingMethodAccessorImpl.invoke(DelegatingMethodAccessorImpl.java:43)
	at java.lang.reflect.Method.invoke(Method.java:498)
	at org.testng.internal.MethodInvocationHelper.invokeMethod(MethodInvocationHelper.java:100)
	at org.testng.internal.Invoker.invokeConfigurationMethod(Invoker.java:515)
	at org.testng.internal.Invoker.invokeConfigurations(Invoker.java:216)
	at org.testng.internal.Invoker.invokeConfigurations(Invoker.java:143)
	at org.testng.TestRunner.afterRun(TestRunner.java:973)
	at org.testng.TestRunner.run(TestRunner.java:604)
	at org.testng.SuiteRunner.runTest(SuiteRunner.java:366)
	at org.testng.SuiteRunner.runSequentially(SuiteRunner.java:361)
	at org.testng.SuiteRunner.privateRun(SuiteRunner.java:319)
	at org.testng.SuiteRunner.run(SuiteRunner.java:268)
	at org.testng.SuiteRunnerWorker.runSuite(SuiteRunnerWorker.java:52)
	at org.testng.SuiteRunnerWorker.run(SuiteRunnerWorker.java:86)
	at org.testng.TestNG.runSuitesSequentially(TestNG.java:1264)
	at org.testng.TestNG.runSuitesLocally(TestNG.java:1189)
	at org.testng.TestNG.runSuites(TestNG.java:1104)
	at org.testng.TestNG.run(TestNG.java:1076)
	at org.testng.remote.AbstractRemoteTestNG.run(AbstractRemoteTestNG.java:132)
	at org.testng.remote.RemoteTestNG.initAndRun(RemoteTestNG.java:230)
	at org.testng.remote.RemoteTestNG.main(RemoteTestNG.java:76)
]]>
            </full-stacktrace>
          </exception> <!-- org.openqa.selenium.WebDriverException -->
          <reporter-output>
          </reporter-output>
        </test-method> <!-- postTestProcess -->
      </class> <!-- swiftpass.testcase.RunCaseProcessor -->
    </test> <!-- NonLogin(failed) -->
  </suite> <!-- Failed suite [swiftpass] -->
</testng-results>
